  [1m[36m (0.2ms)[0m  [1mSELECT "schema_migrations"."version" FROM "schema_migrations" [0m
Migrating to CreateMovies (20111119180638)
  [1m[35m (0.4ms)[0m  select sqlite_version(*)
  [1m[36m (0.1ms)[0m  [1mSELECT "schema_migrations"."version" FROM "schema_migrations" [0m
  [1m[35m (0.1ms)[0m  PRAGMA index_list("movies")
  [1m[36m (0.2ms)[0m  [1mSELECT "schema_migrations"."version" FROM "schema_migrations" [0m
  [1m[35m (0.4ms)[0m  select sqlite_version(*)
  [1m[36m (26.0ms)[0m  [1mCREATE TABLE "movies" ("id" INTEGER PRIMARY KEY AUTOINCREMENT NOT NULL, "title" varchar(255), "rating" varchar(255), "description" text, "release_date" datetime, "created_at" datetime, "updated_at" datetime) [0m
  [1m[35m (6.4ms)[0m  CREATE TABLE "schema_migrations" ("version" varchar(255) NOT NULL) 
  [1m[36m (0.1ms)[0m  [1mPRAGMA index_list("schema_migrations")[0m
  [1m[35m (7.3ms)[0m  CREATE UNIQUE INDEX "unique_schema_migrations" ON "schema_migrations" ("version")
  [1m[36m (0.1ms)[0m  [1mSELECT version FROM "schema_migrations"[0m
  [1m[35m (6.1ms)[0m  INSERT INTO "schema_migrations" (version) VALUES ('20120130161449')
  [1m[36m (6.4ms)[0m  [1mINSERT INTO "schema_migrations" (version) VALUES ('20111119180638')[0m
  [1m[36m (0.2ms)[0m  [1mSELECT "schema_migrations"."version" FROM "schema_migrations" [0m
  [1m[35m (0.7ms)[0m  select sqlite_version(*)
  [1m[36m (31.4ms)[0m  [1mCREATE TABLE "movies" ("id" INTEGER PRIMARY KEY AUTOINCREMENT NOT NULL, "title" varchar(255), "rating" varchar(255), "description" text, "release_date" datetime, "created_at" datetime, "updated_at" datetime) [0m
  [1m[35m (12.9ms)[0m  CREATE TABLE "schema_migrations" ("version" varchar(255) NOT NULL) 
  [1m[36m (0.1ms)[0m  [1mPRAGMA index_list("schema_migrations")[0m
  [1m[35m (16.6ms)[0m  CREATE UNIQUE INDEX "unique_schema_migrations" ON "schema_migrations" ("version")
  [1m[36m (0.1ms)[0m  [1mSELECT version FROM "schema_migrations"[0m
  [1m[35m (15.6ms)[0m  INSERT INTO "schema_migrations" (version) VALUES ('20120130161449')
  [1m[36m (11.5ms)[0m  [1mINSERT INTO "schema_migrations" (version) VALUES ('20111119180638')[0m
  [1m[36m (0.2ms)[0m  [1mSELECT "schema_migrations"."version" FROM "schema_migrations" [0m
Migrating to CreateMovies (20111119180638)
Migrating to AddDirectorToMovies (20130815030410)
  [1m[35m (0.1ms)[0m  select sqlite_version(*)
  [1m[36m (0.7ms)[0m  [1mALTER TABLE "movies" ADD "director" varchar(255)[0m
  [1m[35m (0.2ms)[0m  INSERT INTO "schema_migrations" ("version") VALUES ('20130815030410')
  [1m[36m (0.5ms)[0m  [1mselect sqlite_version(*)[0m
  [1m[35m (0.2ms)[0m  SELECT "schema_migrations"."version" FROM "schema_migrations" 
  [1m[36m (0.1ms)[0m  [1mPRAGMA index_list("movies")[0m
  [1m[36m (0.2ms)[0m  [1mSELECT "schema_migrations"."version" FROM "schema_migrations" [0m
  [1m[35m (0.3ms)[0m  select sqlite_version(*)
  [1m[36m (60.7ms)[0m  [1mCREATE TABLE "movies" ("id" INTEGER PRIMARY KEY AUTOINCREMENT NOT NULL, "title" varchar(255), "rating" varchar(255), "description" text, "release_date" datetime, "created_at" datetime, "updated_at" datetime, "director" varchar(255)) [0m
  [1m[35m (6.6ms)[0m  CREATE TABLE "schema_migrations" ("version" varchar(255) NOT NULL) 
  [1m[36m (0.1ms)[0m  [1mPRAGMA index_list("schema_migrations")[0m
  [1m[35m (7.1ms)[0m  CREATE UNIQUE INDEX "unique_schema_migrations" ON "schema_migrations" ("version")
  [1m[36m (0.1ms)[0m  [1mSELECT version FROM "schema_migrations"[0m
  [1m[35m (5.2ms)[0m  INSERT INTO "schema_migrations" (version) VALUES ('20130815030410')
  [1m[36m (7.5ms)[0m  [1mINSERT INTO "schema_migrations" (version) VALUES ('20111119180638')[0m
  [1m[36m (0.2ms)[0m  [1mSELECT "schema_migrations"."version" FROM "schema_migrations" [0m
  [1m[35m (0.4ms)[0m  select sqlite_version(*)
  [1m[36m (19.9ms)[0m  [1mCREATE TABLE "movies" ("id" INTEGER PRIMARY KEY AUTOINCREMENT NOT NULL, "title" varchar(255), "rating" varchar(255), "description" text, "release_date" datetime, "created_at" datetime, "updated_at" datetime, "director" varchar(255)) [0m
  [1m[35m (6.6ms)[0m  CREATE TABLE "schema_migrations" ("version" varchar(255) NOT NULL) 
  [1m[36m (0.1ms)[0m  [1mPRAGMA index_list("schema_migrations")[0m
  [1m[35m (5.9ms)[0m  CREATE UNIQUE INDEX "unique_schema_migrations" ON "schema_migrations" ("version")
  [1m[36m (0.1ms)[0m  [1mSELECT version FROM "schema_migrations"[0m
  [1m[35m (4.9ms)[0m  INSERT INTO "schema_migrations" (version) VALUES ('20130815030410')
  [1m[36m (4.9ms)[0m  [1mINSERT INTO "schema_migrations" (version) VALUES ('20111119180638')[0m


Started GET "/movies" for 127.0.0.1 at 2013-08-15 01:26:24 -0600
  Processing by MoviesController#index as HTML
  [1m[36mMovie Load (0.7ms)[0m  [1mSELECT "movies".* FROM "movies" WHERE "movies"."rating" IN ('G', 'PG', 'PG-13', 'NC-17', 'R')[0m
Rendered movies/index.html.haml within layouts/application (50.0ms)
Compiled application.css  (26ms)  (pid 15194)
Compiled application.js  (6ms)  (pid 15194)
Compiled jquery.js  (22ms)  (pid 15194)
Compiled jquery_ujs.js  (5ms)  (pid 15194)
Completed 200 OK in 400ms (Views: 381.3ms | ActiveRecord: 1.0ms)


Started GET "/assets/application.css?body=1" for 127.0.0.1 at 2013-08-15 01:26:27 -0600
Served asset /application.css - 304 Not Modified (16ms)


Started GET "/assets/jquery_ujs.js?body=1" for 127.0.0.1 at 2013-08-15 01:26:27 -0600
Served asset /jquery_ujs.js - 304 Not Modified (7ms)


Started GET "/assets/jquery.js?body=1" for 127.0.0.1 at 2013-08-15 01:26:27 -0600
Served asset /jquery.js - 304 Not Modified (8ms)


Started GET "/assets/application.js?body=1" for 127.0.0.1 at 2013-08-15 01:26:27 -0600
Served asset /application.js - 304 Not Modified (13ms)


Started GET "/movies/20" for 127.0.0.1 at 2013-08-15 01:26:31 -0600
  Processing by MoviesController#show as HTML
  Parameters: {"id"=>"20"}
  [1m[35mMovie Load (0.4ms)[0m  SELECT "movies".* FROM "movies" WHERE "movies"."id" = ? LIMIT 1  [["id", "20"]]
Rendered movies/show.html.haml within layouts/application (18.5ms)
Completed 200 OK in 33ms (Views: 28.6ms | ActiveRecord: 1.0ms)


Started GET "/assets/application.css?body=1" for 127.0.0.1 at 2013-08-15 01:26:32 -0600
Served asset /application.css - 304 Not Modified (0ms)


Started GET "/assets/jquery.js?body=1" for 127.0.0.1 at 2013-08-15 01:26:32 -0600
Served asset /jquery.js - 304 Not Modified (0ms)


Started GET "/assets/jquery_ujs.js?body=1" for 127.0.0.1 at 2013-08-15 01:26:32 -0600
Served asset /jquery_ujs.js - 304 Not Modified (0ms)


Started GET "/assets/application.js?body=1" for 127.0.0.1 at 2013-08-15 01:26:32 -0600
Served asset /application.js - 304 Not Modified (1ms)


Started GET "/movies/same_director/20" for 127.0.0.1 at 2013-08-15 01:26:38 -0600
  Processing by MoviesController#same_director as HTML
  Parameters: {"id"=>"20"}
  [1m[36mMovie Load (51.5ms)[0m  [1mSELECT "movies".* FROM "movies" WHERE "movies"."id" = ? LIMIT 1[0m  [["id", 20]]
  [1m[35mMovie Load (0.9ms)[0m  SELECT "movies".* FROM "movies" WHERE "movies"."director" IS NULL
Rendered movies/same_director.html.haml within layouts/application (83.6ms)
Completed 500 Internal Server Error in 206ms

ActionView::Template::Error (undefined method `title' for nil:NilClass):
    1: -# in app/views/movies/same.html.haml
    2: 
    3: %h2 Movies with same director of #{@movie.title}
    4: 
    5: %table#movies
    6:   %thead
  app/views/movies/same_director.html.haml:3:in `_app_views_movies_same_director_html_haml___342711735_76973440'

Rendered /usr/local/lib/ruby/gems/1.9.1/gems/actionpack-3.1.0/lib/action_dispatch/middleware/templates/rescues/_trace.erb (4.9ms)
Rendered /usr/local/lib/ruby/gems/1.9.1/gems/actionpack-3.1.0/lib/action_dispatch/middleware/templates/rescues/_request_and_response.erb (2.9ms)
Rendered /usr/local/lib/ruby/gems/1.9.1/gems/actionpack-3.1.0/lib/action_dispatch/middleware/templates/rescues/template_error.erb within rescues/layout (14.3ms)


Started GET "/movies/same_director/20" for 127.0.0.1 at 2013-08-15 01:27:43 -0600
  Processing by MoviesController#same_director as HTML
  Parameters: {"id"=>"20"}
  [1m[36mMovie Load (0.3ms)[0m  [1mSELECT "movies".* FROM "movies" WHERE "movies"."id" = ? LIMIT 1[0m  [["id", 20]]
  [1m[35mCACHE (0.0ms)[0m  SELECT "movies".* FROM "movies" WHERE "movies"."id" = ? LIMIT 1
  [1m[36mMovie Load (0.6ms)[0m  [1mSELECT "movies".* FROM "movies" WHERE "movies"."director" IS NULL[0m
Rendered movies/same_director.html.haml within layouts/application (21.5ms)
Completed 200 OK in 50ms (Views: 33.7ms | ActiveRecord: 1.4ms)


Started GET "/assets/application.css?body=1" for 127.0.0.1 at 2013-08-15 01:27:43 -0600
Served asset /application.css - 304 Not Modified (0ms)


Started GET "/assets/jquery.js?body=1" for 127.0.0.1 at 2013-08-15 01:27:43 -0600
Served asset /jquery.js - 304 Not Modified (0ms)


Started GET "/assets/jquery_ujs.js?body=1" for 127.0.0.1 at 2013-08-15 01:27:43 -0600
Served asset /jquery_ujs.js - 304 Not Modified (0ms)


Started GET "/assets/application.js?body=1" for 127.0.0.1 at 2013-08-15 01:27:43 -0600
Served asset /application.js - 304 Not Modified (0ms)


Started GET "/movies/20" for 127.0.0.1 at 2013-08-15 01:27:46 -0600
  Processing by MoviesController#show as HTML
  Parameters: {"id"=>"20"}
  [1m[35mMovie Load (0.4ms)[0m  SELECT "movies".* FROM "movies" WHERE "movies"."id" = ? LIMIT 1  [["id", "20"]]
Rendered movies/show.html.haml within layouts/application (70.0ms)
Completed 200 OK in 83ms (Views: 79.7ms | ActiveRecord: 1.0ms)


Started GET "/assets/application.css?body=1" for 127.0.0.1 at 2013-08-15 01:27:47 -0600
Served asset /application.css - 304 Not Modified (0ms)


Started GET "/assets/jquery.js?body=1" for 127.0.0.1 at 2013-08-15 01:27:47 -0600
Served asset /jquery.js - 304 Not Modified (6ms)


Started GET "/assets/application.js?body=1" for 127.0.0.1 at 2013-08-15 01:27:47 -0600
Served asset /application.js - 304 Not Modified (0ms)


Started GET "/assets/jquery_ujs.js?body=1" for 127.0.0.1 at 2013-08-15 01:27:47 -0600
Served asset /jquery_ujs.js - 304 Not Modified (0ms)


Started GET "/movies/same_director/20" for 127.0.0.1 at 2013-08-15 01:27:48 -0600
  Processing by MoviesController#same_director as HTML
  Parameters: {"id"=>"20"}
  [1m[36mMovie Load (0.3ms)[0m  [1mSELECT "movies".* FROM "movies" WHERE "movies"."id" = ? LIMIT 1[0m  [["id", 20]]
  [1m[35mCACHE (0.0ms)[0m  SELECT "movies".* FROM "movies" WHERE "movies"."id" = ? LIMIT 1
  [1m[36mMovie Load (0.8ms)[0m  [1mSELECT "movies".* FROM "movies" WHERE "movies"."director" IS NULL[0m
Rendered movies/same_director.html.haml within layouts/application (16.2ms)
Completed 200 OK in 43ms (Views: 26.3ms | ActiveRecord: 1.6ms)


Started GET "/assets/application.css?body=1" for 127.0.0.1 at 2013-08-15 01:27:48 -0600
Served asset /application.css - 304 Not Modified (0ms)


Started GET "/assets/jquery.js?body=1" for 127.0.0.1 at 2013-08-15 01:27:48 -0600
Served asset /jquery.js - 304 Not Modified (0ms)


Started GET "/assets/jquery_ujs.js?body=1" for 127.0.0.1 at 2013-08-15 01:27:48 -0600
Served asset /jquery_ujs.js - 304 Not Modified (0ms)


Started GET "/assets/application.js?body=1" for 127.0.0.1 at 2013-08-15 01:27:48 -0600
Served asset /application.js - 304 Not Modified (0ms)


Started GET "/movies/14" for 127.0.0.1 at 2013-08-15 01:29:22 -0600
  Processing by MoviesController#show as HTML
  Parameters: {"id"=>"14"}
  [1m[35mMovie Load (0.4ms)[0m  SELECT "movies".* FROM "movies" WHERE "movies"."id" = ? LIMIT 1  [["id", "14"]]
Rendered movies/show.html.haml within layouts/application (22.6ms)
Completed 200 OK in 41ms (Views: 36.3ms | ActiveRecord: 1.1ms)


Started GET "/assets/application.css?body=1" for 127.0.0.1 at 2013-08-15 01:29:22 -0600
Served asset /application.css - 304 Not Modified (0ms)


Started GET "/assets/jquery.js?body=1" for 127.0.0.1 at 2013-08-15 01:29:22 -0600
Served asset /jquery.js - 304 Not Modified (0ms)


Started GET "/assets/jquery_ujs.js?body=1" for 127.0.0.1 at 2013-08-15 01:29:22 -0600
Served asset /jquery_ujs.js - 304 Not Modified (0ms)


Started GET "/assets/application.js?body=1" for 127.0.0.1 at 2013-08-15 01:29:22 -0600
Served asset /application.js - 304 Not Modified (0ms)


Started GET "/movies" for 127.0.0.1 at 2013-08-15 01:29:24 -0600
  Processing by MoviesController#index as HTML
  [1m[36mMovie Load (0.5ms)[0m  [1mSELECT "movies".* FROM "movies" WHERE "movies"."rating" IN ('G', 'PG', 'PG-13', 'NC-17', 'R')[0m
Rendered movies/index.html.haml within layouts/application (31.1ms)
Completed 200 OK in 47ms (Views: 42.4ms | ActiveRecord: 1.2ms)


Started GET "/assets/application.css?body=1" for 127.0.0.1 at 2013-08-15 01:29:25 -0600
Served asset /application.css - 304 Not Modified (0ms)


Started GET "/assets/jquery.js?body=1" for 127.0.0.1 at 2013-08-15 01:29:25 -0600
Served asset /jquery.js - 304 Not Modified (0ms)


Started GET "/assets/jquery_ujs.js?body=1" for 127.0.0.1 at 2013-08-15 01:29:25 -0600
Served asset /jquery_ujs.js - 304 Not Modified (0ms)


Started GET "/assets/application.js?body=1" for 127.0.0.1 at 2013-08-15 01:29:25 -0600
Served asset /application.js - 304 Not Modified (0ms)


Started GET "/movies/20" for 127.0.0.1 at 2013-08-15 01:29:26 -0600
  Processing by MoviesController#show as HTML
  Parameters: {"id"=>"20"}
  [1m[35mMovie Load (0.3ms)[0m  SELECT "movies".* FROM "movies" WHERE "movies"."id" = ? LIMIT 1  [["id", "20"]]
Rendered movies/show.html.haml within layouts/application (16.9ms)
Completed 200 OK in 30ms (Views: 26.8ms | ActiveRecord: 0.9ms)


Started GET "/assets/application.css?body=1" for 127.0.0.1 at 2013-08-15 01:29:26 -0600
Served asset /application.css - 304 Not Modified (0ms)


Started GET "/assets/jquery.js?body=1" for 127.0.0.1 at 2013-08-15 01:29:26 -0600
Served asset /jquery.js - 304 Not Modified (0ms)


Started GET "/assets/jquery_ujs.js?body=1" for 127.0.0.1 at 2013-08-15 01:29:26 -0600
Served asset /jquery_ujs.js - 304 Not Modified (0ms)


Started GET "/assets/application.js?body=1" for 127.0.0.1 at 2013-08-15 01:29:26 -0600
Served asset /application.js - 304 Not Modified (0ms)


Started GET "/movies/same_director/20" for 127.0.0.1 at 2013-08-15 01:29:28 -0600
  Processing by MoviesController#same_director as HTML
  Parameters: {"id"=>"20"}
  [1m[36mMovie Load (0.3ms)[0m  [1mSELECT "movies".* FROM "movies" WHERE "movies"."id" = ? LIMIT 1[0m  [["id", 20]]
  [1m[35mCACHE (0.0ms)[0m  SELECT "movies".* FROM "movies" WHERE "movies"."id" = ? LIMIT 1
  [1m[36mMovie Load (0.6ms)[0m  [1mSELECT "movies".* FROM "movies" WHERE "movies"."director" IS NULL[0m
Rendered movies/same_director.html.haml within layouts/application (20.3ms)
Completed 200 OK in 112ms (Views: 96.0ms | ActiveRecord: 1.6ms)


Started GET "/assets/application.css?body=1" for 127.0.0.1 at 2013-08-15 01:29:28 -0600
Served asset /application.css - 304 Not Modified (0ms)


Started GET "/assets/jquery.js?body=1" for 127.0.0.1 at 2013-08-15 01:29:28 -0600
Served asset /jquery.js - 304 Not Modified (0ms)


Started GET "/assets/jquery_ujs.js?body=1" for 127.0.0.1 at 2013-08-15 01:29:28 -0600
Served asset /jquery_ujs.js - 304 Not Modified (0ms)


Started GET "/assets/application.js?body=1" for 127.0.0.1 at 2013-08-15 01:29:28 -0600
Served asset /application.js - 304 Not Modified (0ms)


Started GET "/movies/10" for 127.0.0.1 at 2013-08-15 01:30:43 -0600

SyntaxError (/home/ubuntu/Documents/hw4_submit/app/models/movie.rb:6: syntax error, unexpected tSYMBEG, expecting ')'
  def self.find_similar(:movie)
                         ^
/home/ubuntu/Documents/hw4_submit/app/models/movie.rb:9: syntax error, unexpected keyword_end, expecting $end):
  app/controllers/movies_controller.rb:1:in `<top (required)>'

Rendered /usr/local/lib/ruby/gems/1.9.1/gems/actionpack-3.1.0/lib/action_dispatch/middleware/templates/rescues/_trace.erb (2.1ms)
Rendered /usr/local/lib/ruby/gems/1.9.1/gems/actionpack-3.1.0/lib/action_dispatch/middleware/templates/rescues/_request_and_response.erb (2.0ms)
Rendered /usr/local/lib/ruby/gems/1.9.1/gems/actionpack-3.1.0/lib/action_dispatch/middleware/templates/rescues/diagnostics.erb within rescues/layout (9.9ms)


Started GET "/movies/10" for 127.0.0.1 at 2013-08-15 01:30:58 -0600
  Processing by MoviesController#show as HTML
  Parameters: {"id"=>"10"}
  [1m[35mMovie Load (0.3ms)[0m  SELECT "movies".* FROM "movies" WHERE "movies"."id" = ? LIMIT 1  [["id", "10"]]
Rendered movies/show.html.haml within layouts/application (14.4ms)
Completed 200 OK in 30ms (Views: 25.6ms | ActiveRecord: 1.0ms)


Started GET "/assets/application.css?body=1" for 127.0.0.1 at 2013-08-15 01:30:59 -0600
Served asset /application.css - 304 Not Modified (0ms)


Started GET "/assets/jquery.js?body=1" for 127.0.0.1 at 2013-08-15 01:30:59 -0600
Served asset /jquery.js - 304 Not Modified (0ms)


Started GET "/assets/application.js?body=1" for 127.0.0.1 at 2013-08-15 01:30:59 -0600
Served asset /application.js - 304 Not Modified (0ms)


Started GET "/assets/jquery_ujs.js?body=1" for 127.0.0.1 at 2013-08-15 01:30:59 -0600
Served asset /jquery_ujs.js - 304 Not Modified (0ms)


Started GET "/movies" for 127.0.0.1 at 2013-08-15 01:31:01 -0600
  Processing by MoviesController#index as HTML
  [1m[36mMovie Load (0.8ms)[0m  [1mSELECT "movies".* FROM "movies" WHERE "movies"."rating" IN ('G', 'PG', 'PG-13', 'NC-17', 'R')[0m
Rendered movies/index.html.haml within layouts/application (91.6ms)
Completed 200 OK in 107ms (Views: 102.1ms | ActiveRecord: 1.4ms)


Started GET "/assets/application.css?body=1" for 127.0.0.1 at 2013-08-15 01:31:01 -0600
Served asset /application.css - 304 Not Modified (0ms)


Started GET "/assets/jquery.js?body=1" for 127.0.0.1 at 2013-08-15 01:31:01 -0600
Served asset /jquery.js - 304 Not Modified (0ms)


Started GET "/assets/jquery_ujs.js?body=1" for 127.0.0.1 at 2013-08-15 01:31:01 -0600
Served asset /jquery_ujs.js - 304 Not Modified (0ms)


Started GET "/assets/application.js?body=1" for 127.0.0.1 at 2013-08-15 01:31:01 -0600
Served asset /application.js - 304 Not Modified (0ms)


Started GET "/movies/10" for 127.0.0.1 at 2013-08-15 01:31:02 -0600
  Processing by MoviesController#show as HTML
  Parameters: {"id"=>"10"}
  [1m[35mMovie Load (0.3ms)[0m  SELECT "movies".* FROM "movies" WHERE "movies"."id" = ? LIMIT 1  [["id", "10"]]
Rendered movies/show.html.haml within layouts/application (15.4ms)
Completed 200 OK in 30ms (Views: 25.8ms | ActiveRecord: 0.9ms)


Started GET "/assets/application.css?body=1" for 127.0.0.1 at 2013-08-15 01:31:02 -0600
Served asset /application.css - 304 Not Modified (0ms)


Started GET "/assets/jquery.js?body=1" for 127.0.0.1 at 2013-08-15 01:31:02 -0600
Served asset /jquery.js - 304 Not Modified (0ms)


Started GET "/assets/application.js?body=1" for 127.0.0.1 at 2013-08-15 01:31:02 -0600
Served asset /application.js - 304 Not Modified (0ms)


Started GET "/assets/jquery_ujs.js?body=1" for 127.0.0.1 at 2013-08-15 01:31:02 -0600
Served asset /jquery_ujs.js - 304 Not Modified (0ms)


Started GET "/movies/same_director/10" for 127.0.0.1 at 2013-08-15 01:31:04 -0600
  Processing by MoviesController#same_director as HTML
  Parameters: {"id"=>"10"}
  [1m[36mMovie Load (0.3ms)[0m  [1mSELECT "movies".* FROM "movies" WHERE "movies"."id" = ? LIMIT 1[0m  [["id", 10]]
Completed 500 Internal Server Error in 4ms

NoMethodError (undefined method `director' for 10:Fixnum):
  app/models/movie.rb:7:in `find_similar'
  app/controllers/movies_controller.rb:6:in `same_director'

Rendered /usr/local/lib/ruby/gems/1.9.1/gems/actionpack-3.1.0/lib/action_dispatch/middleware/templates/rescues/_trace.erb (2.7ms)
Rendered /usr/local/lib/ruby/gems/1.9.1/gems/actionpack-3.1.0/lib/action_dispatch/middleware/templates/rescues/_request_and_response.erb (1.8ms)
Rendered /usr/local/lib/ruby/gems/1.9.1/gems/actionpack-3.1.0/lib/action_dispatch/middleware/templates/rescues/diagnostics.erb within rescues/layout (8.9ms)


Started GET "/movies/same_director/10" for 127.0.0.1 at 2013-08-15 01:32:40 -0600
  Processing by MoviesController#same_director as HTML
  Parameters: {"id"=>"10"}
  [1m[35mMovie Load (0.4ms)[0m  SELECT "movies".* FROM "movies" WHERE "movies"."id" = ? LIMIT 1  [["id", 10]]
Completed 500 Internal Server Error in 4ms

NoMethodError (undefined method `director' for :movie:Symbol):
  app/models/movie.rb:7:in `find_similar'
  app/controllers/movies_controller.rb:6:in `same_director'

Rendered /usr/local/lib/ruby/gems/1.9.1/gems/actionpack-3.1.0/lib/action_dispatch/middleware/templates/rescues/_trace.erb (2.1ms)
Rendered /usr/local/lib/ruby/gems/1.9.1/gems/actionpack-3.1.0/lib/action_dispatch/middleware/templates/rescues/_request_and_response.erb (63.5ms)
Rendered /usr/local/lib/ruby/gems/1.9.1/gems/actionpack-3.1.0/lib/action_dispatch/middleware/templates/rescues/diagnostics.erb within rescues/layout (69.5ms)


Started GET "/movies/same_director/10" for 127.0.0.1 at 2013-08-15 01:32:46 -0600
  Processing by MoviesController#same_director as HTML
  Parameters: {"id"=>"10"}
  [1m[36mMovie Load (0.3ms)[0m  [1mSELECT "movies".* FROM "movies" WHERE "movies"."id" = ? LIMIT 1[0m  [["id", 10]]
Completed 500 Internal Server Error in 4ms

NoMethodError (undefined method `director' for 10:Fixnum):
  app/models/movie.rb:7:in `find_similar'
  app/controllers/movies_controller.rb:6:in `same_director'

Rendered /usr/local/lib/ruby/gems/1.9.1/gems/actionpack-3.1.0/lib/action_dispatch/middleware/templates/rescues/_trace.erb (1.8ms)
Rendered /usr/local/lib/ruby/gems/1.9.1/gems/actionpack-3.1.0/lib/action_dispatch/middleware/templates/rescues/_request_and_response.erb (1.6ms)
Rendered /usr/local/lib/ruby/gems/1.9.1/gems/actionpack-3.1.0/lib/action_dispatch/middleware/templates/rescues/diagnostics.erb within rescues/layout (7.1ms)


Started GET "/movies/same_director/10" for 127.0.0.1 at 2013-08-15 01:32:57 -0600
  Processing by MoviesController#same_director as HTML
  Parameters: {"id"=>"10"}
  [1m[35mMovie Load (0.4ms)[0m  SELECT "movies".* FROM "movies" WHERE "movies"."id" = ? LIMIT 1  [["id", 10]]
Completed 500 Internal Server Error in 4ms

NoMethodError (undefined method `director' for 10:Fixnum):
  app/models/movie.rb:7:in `find_similar'
  app/controllers/movies_controller.rb:6:in `same_director'

Rendered /usr/local/lib/ruby/gems/1.9.1/gems/actionpack-3.1.0/lib/action_dispatch/middleware/templates/rescues/_trace.erb (2.0ms)
Rendered /usr/local/lib/ruby/gems/1.9.1/gems/actionpack-3.1.0/lib/action_dispatch/middleware/templates/rescues/_request_and_response.erb (1.5ms)
Rendered /usr/local/lib/ruby/gems/1.9.1/gems/actionpack-3.1.0/lib/action_dispatch/middleware/templates/rescues/diagnostics.erb within rescues/layout (8.6ms)


Started GET "/movies/same_director/10" for 127.0.0.1 at 2013-08-15 01:33:21 -0600
  Processing by MoviesController#same_director as HTML
  Parameters: {"id"=>"10"}
  [1m[36mMovie Load (0.3ms)[0m  [1mSELECT "movies".* FROM "movies" WHERE "movies"."id" = ? LIMIT 1[0m  [["id", 10]]
Completed 500 Internal Server Error in 4ms

NoMethodError (undefined method `director' for 10:Fixnum):
  app/models/movie.rb:7:in `find_similar'
  app/controllers/movies_controller.rb:6:in `same_director'

Rendered /usr/local/lib/ruby/gems/1.9.1/gems/actionpack-3.1.0/lib/action_dispatch/middleware/templates/rescues/_trace.erb (1.9ms)
Rendered /usr/local/lib/ruby/gems/1.9.1/gems/actionpack-3.1.0/lib/action_dispatch/middleware/templates/rescues/_request_and_response.erb (1.6ms)
Rendered /usr/local/lib/ruby/gems/1.9.1/gems/actionpack-3.1.0/lib/action_dispatch/middleware/templates/rescues/diagnostics.erb within rescues/layout (7.1ms)


Started GET "/movies" for 127.0.0.1 at 2013-08-15 01:35:14 -0600
  Processing by MoviesController#index as HTML
  [1m[36mMovie Load (0.8ms)[0m  [1mSELECT "movies".* FROM "movies" WHERE "movies"."rating" IN ('G', 'PG', 'PG-13', 'NC-17', 'R')[0m
Rendered movies/index.html.haml within layouts/application (54.7ms)
Completed 200 OK in 263ms (Views: 244.5ms | ActiveRecord: 1.1ms)


Started GET "/assets/application.css?body=1" for 127.0.0.1 at 2013-08-15 01:35:17 -0600
Served asset /application.css - 304 Not Modified (0ms)


Started GET "/assets/jquery.js?body=1" for 127.0.0.1 at 2013-08-15 01:35:17 -0600
Served asset /jquery.js - 304 Not Modified (4ms)


Started GET "/assets/jquery_ujs.js?body=1" for 127.0.0.1 at 2013-08-15 01:35:17 -0600
Served asset /jquery_ujs.js - 304 Not Modified (4ms)


Started GET "/assets/application.js?body=1" for 127.0.0.1 at 2013-08-15 01:35:17 -0600
Served asset /application.js - 304 Not Modified (1ms)


Started GET "/movies/9" for 127.0.0.1 at 2013-08-15 01:35:19 -0600
  Processing by MoviesController#show as HTML
  Parameters: {"id"=>"9"}
  [1m[35mMovie Load (0.3ms)[0m  SELECT "movies".* FROM "movies" WHERE "movies"."id" = ? LIMIT 1  [["id", "9"]]
Rendered movies/show.html.haml within layouts/application (28.0ms)
Completed 200 OK in 43ms (Views: 38.0ms | ActiveRecord: 0.9ms)


Started GET "/assets/application.css?body=1" for 127.0.0.1 at 2013-08-15 01:35:19 -0600
Served asset /application.css - 304 Not Modified (0ms)


Started GET "/assets/jquery_ujs.js?body=1" for 127.0.0.1 at 2013-08-15 01:35:19 -0600
Served asset /jquery_ujs.js - 304 Not Modified (16ms)


Started GET "/assets/jquery.js?body=1" for 127.0.0.1 at 2013-08-15 01:35:19 -0600
Served asset /jquery.js - 304 Not Modified (0ms)


Started GET "/assets/application.js?body=1" for 127.0.0.1 at 2013-08-15 01:35:19 -0600
Served asset /application.js - 304 Not Modified (0ms)


Started GET "/movies/same_director/9" for 127.0.0.1 at 2013-08-15 01:35:20 -0600
  Processing by MoviesController#same_director as HTML
  Parameters: {"id"=>"9"}
  [1m[36mMovie Load (50.1ms)[0m  [1mSELECT "movies".* FROM "movies" WHERE "movies"."id" = ? LIMIT 1[0m  [["id", 9]]
  [1m[35mCACHE (0.0ms)[0m  SELECT "movies".* FROM "movies" WHERE "movies"."id" = ? LIMIT 1
  [1m[36mMovie Load (0.5ms)[0m  [1mSELECT "movies".* FROM "movies" WHERE "movies"."director" IS NULL[0m
Rendered movies/same_director.html.haml within layouts/application (21.2ms)
Completed 200 OK in 183ms (Views: 32.4ms | ActiveRecord: 51.3ms)


Started GET "/assets/jquery.js?body=1" for 127.0.0.1 at 2013-08-15 01:35:21 -0600
Served asset /jquery.js - 304 Not Modified (0ms)


Started GET "/assets/application.css?body=1" for 127.0.0.1 at 2013-08-15 01:35:21 -0600
Served asset /application.css - 304 Not Modified (0ms)


Started GET "/assets/application.js?body=1" for 127.0.0.1 at 2013-08-15 01:35:21 -0600
Served asset /application.js - 304 Not Modified (0ms)


Started GET "/assets/jquery_ujs.js?body=1" for 127.0.0.1 at 2013-08-15 01:35:21 -0600
Served asset /jquery_ujs.js - 304 Not Modified (0ms)


Started GET "/movies/15" for 127.0.0.1 at 2013-08-15 01:35:24 -0600
  Processing by MoviesController#show as HTML
  Parameters: {"id"=>"15"}
  [1m[35mMovie Load (0.4ms)[0m  SELECT "movies".* FROM "movies" WHERE "movies"."id" = ? LIMIT 1  [["id", "15"]]
Rendered movies/show.html.haml within layouts/application (14.6ms)
Completed 200 OK in 28ms (Views: 24.5ms | ActiveRecord: 1.2ms)


Started GET "/assets/application.css?body=1" for 127.0.0.1 at 2013-08-15 01:35:24 -0600
Served asset /application.css - 304 Not Modified (0ms)


Started GET "/assets/jquery.js?body=1" for 127.0.0.1 at 2013-08-15 01:35:24 -0600
Served asset /jquery.js - 304 Not Modified (0ms)


Started GET "/assets/jquery_ujs.js?body=1" for 127.0.0.1 at 2013-08-15 01:35:24 -0600
Served asset /jquery_ujs.js - 304 Not Modified (0ms)


Started GET "/assets/application.js?body=1" for 127.0.0.1 at 2013-08-15 01:35:24 -0600
Served asset /application.js - 304 Not Modified (1ms)


Started GET "/movies/15/edit" for 127.0.0.1 at 2013-08-15 01:35:27 -0600
  Processing by MoviesController#edit as HTML
  Parameters: {"id"=>"15"}
  [1m[36mMovie Load (0.3ms)[0m  [1mSELECT "movies".* FROM "movies" WHERE "movies"."id" = ? LIMIT 1[0m  [["id", "15"]]
Rendered movies/edit.html.haml within layouts/application (24.0ms)
Completed 200 OK in 43ms (Views: 39.3ms | ActiveRecord: 1.1ms)


Started GET "/assets/application.css?body=1" for 127.0.0.1 at 2013-08-15 01:35:27 -0600
Served asset /application.css - 304 Not Modified (0ms)


Started GET "/assets/jquery.js?body=1" for 127.0.0.1 at 2013-08-15 01:35:27 -0600
Served asset /jquery.js - 304 Not Modified (0ms)


Started GET "/assets/jquery_ujs.js?body=1" for 127.0.0.1 at 2013-08-15 01:35:27 -0600
Served asset /jquery_ujs.js - 304 Not Modified (0ms)


Started GET "/assets/application.js?body=1" for 127.0.0.1 at 2013-08-15 01:35:27 -0600
Served asset /application.js - 304 Not Modified (0ms)


Started GET "/movies/same_director/15" for 127.0.0.1 at 2013-08-15 01:35:31 -0600
  Processing by MoviesController#same_director as HTML
  Parameters: {"id"=>"15"}
  [1m[35mMovie Load (0.3ms)[0m  SELECT "movies".* FROM "movies" WHERE "movies"."id" = ? LIMIT 1  [["id", 15]]
  [1m[36mCACHE (0.0ms)[0m  [1mSELECT "movies".* FROM "movies" WHERE "movies"."id" = ? LIMIT 1[0m
  [1m[35mMovie Load (0.5ms)[0m  SELECT "movies".* FROM "movies" WHERE "movies"."director" IS NULL
Rendered movies/same_director.html.haml within layouts/application (19.3ms)
Completed 200 OK in 50ms (Views: 34.0ms | ActiveRecord: 1.3ms)


Started GET "/assets/application.css?body=1" for 127.0.0.1 at 2013-08-15 01:35:31 -0600
Served asset /application.css - 304 Not Modified (0ms)


Started GET "/assets/jquery.js?body=1" for 127.0.0.1 at 2013-08-15 01:35:31 -0600
Served asset /jquery.js - 304 Not Modified (0ms)


Started GET "/assets/jquery_ujs.js?body=1" for 127.0.0.1 at 2013-08-15 01:35:31 -0600
Served asset /jquery_ujs.js - 304 Not Modified (0ms)


Started GET "/assets/application.js?body=1" for 127.0.0.1 at 2013-08-15 01:35:31 -0600
Served asset /application.js - 304 Not Modified (0ms)


Started GET "/movies/20" for 127.0.0.1 at 2013-08-15 01:35:35 -0600
  Processing by MoviesController#show as HTML
  Parameters: {"id"=>"20"}
  [1m[36mMovie Load (0.3ms)[0m  [1mSELECT "movies".* FROM "movies" WHERE "movies"."id" = ? LIMIT 1[0m  [["id", "20"]]
Rendered movies/show.html.haml within layouts/application (15.5ms)
Completed 200 OK in 87ms (Views: 83.8ms | ActiveRecord: 0.8ms)


Started GET "/assets/application.css?body=1" for 127.0.0.1 at 2013-08-15 01:35:35 -0600
Served asset /application.css - 304 Not Modified (0ms)


Started GET "/assets/jquery.js?body=1" for 127.0.0.1 at 2013-08-15 01:35:35 -0600
Served asset /jquery.js - 304 Not Modified (0ms)


Started GET "/assets/application.js?body=1" for 127.0.0.1 at 2013-08-15 01:35:35 -0600
Served asset /application.js - 304 Not Modified (0ms)


Started GET "/assets/jquery_ujs.js?body=1" for 127.0.0.1 at 2013-08-15 01:35:35 -0600
Served asset /jquery_ujs.js - 304 Not Modified (0ms)


Started GET "/movies/20/edit" for 127.0.0.1 at 2013-08-15 01:35:37 -0600
  Processing by MoviesController#edit as HTML
  Parameters: {"id"=>"20"}
  [1m[35mMovie Load (0.3ms)[0m  SELECT "movies".* FROM "movies" WHERE "movies"."id" = ? LIMIT 1  [["id", "20"]]
Rendered movies/edit.html.haml within layouts/application (21.4ms)
Completed 200 OK in 37ms (Views: 32.9ms | ActiveRecord: 1.2ms)


Started GET "/assets/application.css?body=1" for 127.0.0.1 at 2013-08-15 01:35:37 -0600
Served asset /application.css - 304 Not Modified (0ms)


Started GET "/assets/jquery.js?body=1" for 127.0.0.1 at 2013-08-15 01:35:37 -0600
Served asset /jquery.js - 304 Not Modified (0ms)


Started GET "/assets/jquery_ujs.js?body=1" for 127.0.0.1 at 2013-08-15 01:35:37 -0600
Served asset /jquery_ujs.js - 304 Not Modified (0ms)


Started GET "/assets/application.js?body=1" for 127.0.0.1 at 2013-08-15 01:35:37 -0600
Served asset /application.js - 304 Not Modified (0ms)


Started PUT "/movies/20" for 127.0.0.1 at 2013-08-15 01:35:44 -0600
  Processing by MoviesController#update as HTML
  Parameters: {"utf8"=>"✓", "authenticity_token"=>"5GGwGVFxujQ4GqtXkt5lJpgErcHxm3NkC5Fzc8CqT+U=", "movie"=>{"title"=>"Chicken Run", "rating"=>"G", "release_date(1i)"=>"2000", "release_date(2i)"=>"6", "release_date(3i)"=>"21", "director"=>"Quentin Tarantino"}, "commit"=>"Update Movie Info", "id"=>"20"}
  [1m[36mMovie Load (0.4ms)[0m  [1mSELECT "movies".* FROM "movies" WHERE "movies"."id" = ? LIMIT 1[0m  [["id", "20"]]
  [1m[35m (0.8ms)[0m  UPDATE "movies" SET "director" = 'Quentin Tarantino', "updated_at" = '2013-08-15 07:35:44.867416' WHERE "movies"."id" = 20
Redirected to http://localhost:3000/movies/20
Completed 302 Found in 102ms


Started GET "/movies/20" for 127.0.0.1 at 2013-08-15 01:35:44 -0600
  Processing by MoviesController#show as HTML
  Parameters: {"id"=>"20"}
  [1m[36mMovie Load (0.3ms)[0m  [1mSELECT "movies".* FROM "movies" WHERE "movies"."id" = ? LIMIT 1[0m  [["id", "20"]]
Rendered movies/show.html.haml within layouts/application (16.0ms)
Completed 200 OK in 33ms (Views: 28.6ms | ActiveRecord: 0.9ms)


Started GET "/assets/application.css?body=1" for 127.0.0.1 at 2013-08-15 01:35:45 -0600
Served asset /application.css - 304 Not Modified (0ms)


Started GET "/assets/jquery.js?body=1" for 127.0.0.1 at 2013-08-15 01:35:45 -0600
Served asset /jquery.js - 304 Not Modified (0ms)


Started GET "/assets/jquery_ujs.js?body=1" for 127.0.0.1 at 2013-08-15 01:35:45 -0600
Served asset /jquery_ujs.js - 304 Not Modified (0ms)


Started GET "/assets/application.js?body=1" for 127.0.0.1 at 2013-08-15 01:35:45 -0600
Served asset /application.js - 304 Not Modified (0ms)


Started GET "/movies" for 127.0.0.1 at 2013-08-15 01:35:52 -0600
  Processing by MoviesController#index as HTML
  [1m[35mMovie Load (0.5ms)[0m  SELECT "movies".* FROM "movies" WHERE "movies"."rating" IN ('G', 'PG', 'PG-13', 'NC-17', 'R')
Rendered movies/index.html.haml within layouts/application (31.2ms)
Completed 200 OK in 46ms (Views: 41.5ms | ActiveRecord: 1.2ms)


Started GET "/assets/application.css?body=1" for 127.0.0.1 at 2013-08-15 01:35:52 -0600
Served asset /application.css - 304 Not Modified (0ms)


Started GET "/assets/jquery.js?body=1" for 127.0.0.1 at 2013-08-15 01:35:52 -0600
Served asset /jquery.js - 304 Not Modified (0ms)


Started GET "/assets/jquery_ujs.js?body=1" for 127.0.0.1 at 2013-08-15 01:35:52 -0600
Served asset /jquery_ujs.js - 304 Not Modified (0ms)


Started GET "/assets/application.js?body=1" for 127.0.0.1 at 2013-08-15 01:35:52 -0600
Served asset /application.js - 304 Not Modified (0ms)


Started GET "/movies/20" for 127.0.0.1 at 2013-08-15 01:35:54 -0600
  Processing by MoviesController#show as HTML
  Parameters: {"id"=>"20"}
  [1m[36mMovie Load (0.3ms)[0m  [1mSELECT "movies".* FROM "movies" WHERE "movies"."id" = ? LIMIT 1[0m  [["id", "20"]]
Rendered movies/show.html.haml within layouts/application (13.8ms)
Completed 200 OK in 28ms (Views: 24.5ms | ActiveRecord: 0.9ms)


Started GET "/assets/application.css?body=1" for 127.0.0.1 at 2013-08-15 01:35:54 -0600
Served asset /application.css - 304 Not Modified (0ms)


Started GET "/assets/jquery.js?body=1" for 127.0.0.1 at 2013-08-15 01:35:54 -0600
Served asset /jquery.js - 304 Not Modified (0ms)


Started GET "/assets/jquery_ujs.js?body=1" for 127.0.0.1 at 2013-08-15 01:35:54 -0600
Served asset /jquery_ujs.js - 304 Not Modified (0ms)


Started GET "/assets/application.js?body=1" for 127.0.0.1 at 2013-08-15 01:35:54 -0600
Served asset /application.js - 304 Not Modified (2ms)


Started GET "/movies/same_director/20" for 127.0.0.1 at 2013-08-15 01:35:55 -0600
  Processing by MoviesController#same_director as HTML
  Parameters: {"id"=>"20"}
  [1m[35mMovie Load (0.4ms)[0m  SELECT "movies".* FROM "movies" WHERE "movies"."id" = ? LIMIT 1  [["id", 20]]
  [1m[36mCACHE (0.0ms)[0m  [1mSELECT "movies".* FROM "movies" WHERE "movies"."id" = ? LIMIT 1[0m
  [1m[35mMovie Load (0.4ms)[0m  SELECT "movies".* FROM "movies" WHERE "movies"."director" = 'Quentin Tarantino'
Rendered movies/same_director.html.haml within layouts/application (2.4ms)
Completed 200 OK in 36ms (Views: 13.6ms | ActiveRecord: 1.5ms)


Started GET "/assets/application.css?body=1" for 127.0.0.1 at 2013-08-15 01:35:55 -0600
Served asset /application.css - 304 Not Modified (0ms)


Started GET "/assets/jquery.js?body=1" for 127.0.0.1 at 2013-08-15 01:35:55 -0600
Served asset /jquery.js - 304 Not Modified (0ms)


Started GET "/assets/jquery_ujs.js?body=1" for 127.0.0.1 at 2013-08-15 01:35:55 -0600
Served asset /jquery_ujs.js - 304 Not Modified (0ms)


Started GET "/assets/application.js?body=1" for 127.0.0.1 at 2013-08-15 01:35:55 -0600
Served asset /application.js - 304 Not Modified (0ms)


Started GET "/movies/20" for 127.0.0.1 at 2013-08-15 01:36:04 -0600
  Processing by MoviesController#show as HTML
  Parameters: {"id"=>"20"}
  [1m[36mMovie Load (0.3ms)[0m  [1mSELECT "movies".* FROM "movies" WHERE "movies"."id" = ? LIMIT 1[0m  [["id", "20"]]
Rendered movies/show.html.haml within layouts/application (15.3ms)
Completed 200 OK in 29ms (Views: 25.2ms | ActiveRecord: 1.3ms)


Started GET "/assets/application.css?body=1" for 127.0.0.1 at 2013-08-15 01:36:04 -0600
Served asset /application.css - 304 Not Modified (0ms)


Started GET "/assets/jquery.js?body=1" for 127.0.0.1 at 2013-08-15 01:36:04 -0600
Served asset /jquery.js - 304 Not Modified (0ms)


Started GET "/assets/jquery_ujs.js?body=1" for 127.0.0.1 at 2013-08-15 01:36:04 -0600
Served asset /jquery_ujs.js - 304 Not Modified (0ms)


Started GET "/assets/application.js?body=1" for 127.0.0.1 at 2013-08-15 01:36:04 -0600
Served asset /application.js - 304 Not Modified (0ms)


Started GET "/movies" for 127.0.0.1 at 2013-08-15 01:36:07 -0600
  Processing by MoviesController#index as HTML
  [1m[35mMovie Load (0.6ms)[0m  SELECT "movies".* FROM "movies" WHERE "movies"."rating" IN ('G', 'PG', 'PG-13', 'NC-17', 'R')
Rendered movies/index.html.haml within layouts/application (30.4ms)
Completed 200 OK in 46ms (Views: 41.2ms | ActiveRecord: 1.3ms)


Started GET "/assets/application.css?body=1" for 127.0.0.1 at 2013-08-15 01:36:07 -0600
Served asset /application.css - 304 Not Modified (0ms)


Started GET "/assets/jquery.js?body=1" for 127.0.0.1 at 2013-08-15 01:36:07 -0600
Served asset /jquery.js - 304 Not Modified (0ms)


Started GET "/assets/application.js?body=1" for 127.0.0.1 at 2013-08-15 01:36:07 -0600
Served asset /application.js - 304 Not Modified (0ms)


Started GET "/assets/jquery_ujs.js?body=1" for 127.0.0.1 at 2013-08-15 01:36:07 -0600
Served asset /jquery_ujs.js - 304 Not Modified (0ms)


Started GET "/movies/18" for 127.0.0.1 at 2013-08-15 01:36:09 -0600
  Processing by MoviesController#show as HTML
  Parameters: {"id"=>"18"}
  [1m[36mMovie Load (0.3ms)[0m  [1mSELECT "movies".* FROM "movies" WHERE "movies"."id" = ? LIMIT 1[0m  [["id", "18"]]
Rendered movies/show.html.haml within layouts/application (13.7ms)
Completed 200 OK in 27ms (Views: 23.4ms | ActiveRecord: 1.0ms)


Started GET "/assets/application.css?body=1" for 127.0.0.1 at 2013-08-15 01:36:10 -0600
Served asset /application.css - 304 Not Modified (0ms)


Started GET "/assets/jquery.js?body=1" for 127.0.0.1 at 2013-08-15 01:36:10 -0600
Served asset /jquery.js - 304 Not Modified (0ms)


Started GET "/assets/jquery_ujs.js?body=1" for 127.0.0.1 at 2013-08-15 01:36:10 -0600
Served asset /jquery_ujs.js - 304 Not Modified (0ms)


Started GET "/assets/application.js?body=1" for 127.0.0.1 at 2013-08-15 01:36:10 -0600
Served asset /application.js - 304 Not Modified (0ms)


Started GET "/movies/18/edit" for 127.0.0.1 at 2013-08-15 01:36:12 -0600
  Processing by MoviesController#edit as HTML
  Parameters: {"id"=>"18"}
  [1m[35mMovie Load (0.3ms)[0m  SELECT "movies".* FROM "movies" WHERE "movies"."id" = ? LIMIT 1  [["id", "18"]]
Rendered movies/edit.html.haml within layouts/application (19.1ms)
Completed 200 OK in 34ms (Views: 30.0ms | ActiveRecord: 0.9ms)


Started GET "/assets/application.css?body=1" for 127.0.0.1 at 2013-08-15 01:36:12 -0600
Served asset /application.css - 304 Not Modified (0ms)


Started GET "/assets/jquery_ujs.js?body=1" for 127.0.0.1 at 2013-08-15 01:36:13 -0600
Served asset /jquery_ujs.js - 304 Not Modified (0ms)


Started GET "/assets/application.js?body=1" for 127.0.0.1 at 2013-08-15 01:36:13 -0600
Served asset /application.js - 304 Not Modified (0ms)


Started GET "/assets/jquery.js?body=1" for 127.0.0.1 at 2013-08-15 01:36:13 -0600
Served asset /jquery.js - 304 Not Modified (0ms)


Started PUT "/movies/18" for 127.0.0.1 at 2013-08-15 01:36:16 -0600
  Processing by MoviesController#update as HTML
  Parameters: {"utf8"=>"✓", "authenticity_token"=>"5GGwGVFxujQ4GqtXkt5lJpgErcHxm3NkC5Fzc8CqT+U=", "movie"=>{"title"=>"The Incredibles", "rating"=>"PG", "release_date(1i)"=>"2004", "release_date(2i)"=>"11", "release_date(3i)"=>"5", "director"=>"Quentin Tarantino"}, "commit"=>"Update Movie Info", "id"=>"18"}
  [1m[36mMovie Load (0.3ms)[0m  [1mSELECT "movies".* FROM "movies" WHERE "movies"."id" = ? LIMIT 1[0m  [["id", "18"]]
  [1m[35m (0.5ms)[0m  UPDATE "movies" SET "director" = 'Quentin Tarantino', "updated_at" = '2013-08-15 07:36:16.102333' WHERE "movies"."id" = 18
Redirected to http://localhost:3000/movies/18
Completed 302 Found in 30ms


Started GET "/movies/18" for 127.0.0.1 at 2013-08-15 01:36:16 -0600
  Processing by MoviesController#show as HTML
  Parameters: {"id"=>"18"}
  [1m[36mMovie Load (0.3ms)[0m  [1mSELECT "movies".* FROM "movies" WHERE "movies"."id" = ? LIMIT 1[0m  [["id", "18"]]
Rendered movies/show.html.haml within layouts/application (16.0ms)
Completed 200 OK in 31ms (Views: 26.6ms | ActiveRecord: 1.0ms)


Started GET "/assets/application.css?body=1" for 127.0.0.1 at 2013-08-15 01:36:16 -0600
Served asset /application.css - 304 Not Modified (0ms)


Started GET "/assets/jquery.js?body=1" for 127.0.0.1 at 2013-08-15 01:36:16 -0600
Served asset /jquery.js - 304 Not Modified (0ms)


Started GET "/assets/jquery_ujs.js?body=1" for 127.0.0.1 at 2013-08-15 01:36:16 -0600
Served asset /jquery_ujs.js - 304 Not Modified (0ms)


Started GET "/assets/application.js?body=1" for 127.0.0.1 at 2013-08-15 01:36:16 -0600
Served asset /application.js - 304 Not Modified (0ms)


Started GET "/movies" for 127.0.0.1 at 2013-08-15 01:36:17 -0600
  Processing by MoviesController#index as HTML
  [1m[35mMovie Load (0.5ms)[0m  SELECT "movies".* FROM "movies" WHERE "movies"."rating" IN ('G', 'PG', 'PG-13', 'NC-17', 'R')
Rendered movies/index.html.haml within layouts/application (89.6ms)
Completed 200 OK in 105ms (Views: 99.9ms | ActiveRecord: 1.2ms)


Started GET "/assets/application.css?body=1" for 127.0.0.1 at 2013-08-15 01:36:17 -0600
Served asset /application.css - 304 Not Modified (0ms)


Started GET "/assets/jquery.js?body=1" for 127.0.0.1 at 2013-08-15 01:36:17 -0600
Served asset /jquery.js - 304 Not Modified (0ms)


Started GET "/assets/jquery_ujs.js?body=1" for 127.0.0.1 at 2013-08-15 01:36:17 -0600
Served asset /jquery_ujs.js - 304 Not Modified (0ms)


Started GET "/assets/application.js?body=1" for 127.0.0.1 at 2013-08-15 01:36:17 -0600
Served asset /application.js - 304 Not Modified (0ms)


Started GET "/movies/18" for 127.0.0.1 at 2013-08-15 01:36:19 -0600
  Processing by MoviesController#show as HTML
  Parameters: {"id"=>"18"}
  [1m[36mMovie Load (0.3ms)[0m  [1mSELECT "movies".* FROM "movies" WHERE "movies"."id" = ? LIMIT 1[0m  [["id", "18"]]
Rendered movies/show.html.haml within layouts/application (15.4ms)
Completed 200 OK in 30ms (Views: 26.3ms | ActiveRecord: 1.0ms)


Started GET "/assets/application.css?body=1" for 127.0.0.1 at 2013-08-15 01:36:19 -0600
Served asset /application.css - 304 Not Modified (0ms)


Started GET "/assets/jquery.js?body=1" for 127.0.0.1 at 2013-08-15 01:36:19 -0600
Served asset /jquery.js - 304 Not Modified (0ms)


Started GET "/assets/jquery_ujs.js?body=1" for 127.0.0.1 at 2013-08-15 01:36:19 -0600
Served asset /jquery_ujs.js - 304 Not Modified (0ms)


Started GET "/assets/application.js?body=1" for 127.0.0.1 at 2013-08-15 01:36:19 -0600
Served asset /application.js - 304 Not Modified (0ms)


Started GET "/movies/same_director/18" for 127.0.0.1 at 2013-08-15 01:36:20 -0600
  Processing by MoviesController#same_director as HTML
  Parameters: {"id"=>"18"}
  [1m[35mMovie Load (0.3ms)[0m  SELECT "movies".* FROM "movies" WHERE "movies"."id" = ? LIMIT 1  [["id", 18]]
  [1m[36mCACHE (0.0ms)[0m  [1mSELECT "movies".* FROM "movies" WHERE "movies"."id" = ? LIMIT 1[0m
  [1m[35mMovie Load (0.6ms)[0m  SELECT "movies".* FROM "movies" WHERE "movies"."director" = 'Quentin Tarantino'
Rendered movies/same_director.html.haml within layouts/application (3.5ms)
Completed 200 OK in 34ms (Views: 16.5ms | ActiveRecord: 1.5ms)


Started GET "/assets/application.css?body=1" for 127.0.0.1 at 2013-08-15 01:36:20 -0600
Served asset /application.css - 304 Not Modified (0ms)


Started GET "/assets/jquery.js?body=1" for 127.0.0.1 at 2013-08-15 01:36:20 -0600
Served asset /jquery.js - 304 Not Modified (0ms)


Started GET "/assets/jquery_ujs.js?body=1" for 127.0.0.1 at 2013-08-15 01:36:21 -0600
Served asset /jquery_ujs.js - 304 Not Modified (0ms)


Started GET "/assets/application.js?body=1" for 127.0.0.1 at 2013-08-15 01:36:21 -0600
Served asset /application.js - 304 Not Modified (0ms)


Started GET "/movies/18" for 127.0.0.1 at 2013-08-15 01:36:46 -0600
  Processing by MoviesController#show as HTML
  Parameters: {"id"=>"18"}
  [1m[36mMovie Load (0.3ms)[0m  [1mSELECT "movies".* FROM "movies" WHERE "movies"."id" = ? LIMIT 1[0m  [["id", "18"]]
Rendered movies/show.html.haml within layouts/application (94.5ms)
Completed 200 OK in 115ms (Views: 111.2ms | ActiveRecord: 0.9ms)


Started GET "/assets/application.css?body=1" for 127.0.0.1 at 2013-08-15 01:36:46 -0600
Served asset /application.css - 304 Not Modified (0ms)


Started GET "/assets/jquery.js?body=1" for 127.0.0.1 at 2013-08-15 01:36:46 -0600
Served asset /jquery.js - 304 Not Modified (0ms)


Started GET "/assets/application.js?body=1" for 127.0.0.1 at 2013-08-15 01:36:46 -0600
Served asset /application.js - 304 Not Modified (7ms)


Started GET "/assets/jquery_ujs.js?body=1" for 127.0.0.1 at 2013-08-15 01:36:46 -0600
Served asset /jquery_ujs.js - 304 Not Modified (3ms)


Started GET "/movies" for 127.0.0.1 at 2013-08-15 01:36:49 -0600
  Processing by MoviesController#index as HTML
  [1m[35mMovie Load (0.6ms)[0m  SELECT "movies".* FROM "movies" WHERE "movies"."rating" IN ('G', 'PG', 'PG-13', 'NC-17', 'R')
Rendered movies/index.html.haml within layouts/application (31.7ms)
Completed 200 OK in 47ms (Views: 42.1ms | ActiveRecord: 1.2ms)


Started GET "/assets/application.css?body=1" for 127.0.0.1 at 2013-08-15 01:36:49 -0600
Served asset /application.css - 304 Not Modified (0ms)


Started GET "/assets/jquery.js?body=1" for 127.0.0.1 at 2013-08-15 01:36:49 -0600
Served asset /jquery.js - 304 Not Modified (0ms)


Started GET "/assets/application.js?body=1" for 127.0.0.1 at 2013-08-15 01:36:49 -0600
Served asset /application.js - 304 Not Modified (4ms)


Started GET "/assets/jquery_ujs.js?body=1" for 127.0.0.1 at 2013-08-15 01:36:49 -0600
Served asset /jquery_ujs.js - 304 Not Modified (0ms)


Started GET "/movies/10" for 127.0.0.1 at 2013-08-15 01:36:50 -0600
  Processing by MoviesController#show as HTML
  Parameters: {"id"=>"10"}
  [1m[36mMovie Load (0.3ms)[0m  [1mSELECT "movies".* FROM "movies" WHERE "movies"."id" = ? LIMIT 1[0m  [["id", "10"]]
Rendered movies/show.html.haml within layouts/application (14.1ms)
Completed 200 OK in 28ms (Views: 23.9ms | ActiveRecord: 0.9ms)


Started GET "/assets/application.css?body=1" for 127.0.0.1 at 2013-08-15 01:36:51 -0600
Served asset /application.css - 304 Not Modified (0ms)


Started GET "/assets/jquery.js?body=1" for 127.0.0.1 at 2013-08-15 01:36:51 -0600
Served asset /jquery.js - 304 Not Modified (0ms)


Started GET "/assets/jquery_ujs.js?body=1" for 127.0.0.1 at 2013-08-15 01:36:51 -0600
Served asset /jquery_ujs.js - 304 Not Modified (0ms)


Started GET "/assets/application.js?body=1" for 127.0.0.1 at 2013-08-15 01:36:51 -0600
Served asset /application.js - 304 Not Modified (0ms)


Started GET "/movies/same_director/10" for 127.0.0.1 at 2013-08-15 01:36:52 -0600
  Processing by MoviesController#same_director as HTML
  Parameters: {"id"=>"10"}
  [1m[35mMovie Load (1.1ms)[0m  SELECT "movies".* FROM "movies" WHERE "movies"."id" = ? LIMIT 1  [["id", 10]]
  [1m[36mCACHE (0.1ms)[0m  [1mSELECT "movies".* FROM "movies" WHERE "movies"."id" = ? LIMIT 1[0m
  [1m[35mMovie Load (0.7ms)[0m  SELECT "movies".* FROM "movies" WHERE "movies"."director" IS NULL
Rendered movies/same_director.html.haml within layouts/application (15.1ms)
Completed 200 OK in 47ms (Views: 26.5ms | ActiveRecord: 2.5ms)


Started GET "/assets/application.css?body=1" for 127.0.0.1 at 2013-08-15 01:36:52 -0600
Served asset /application.css - 304 Not Modified (0ms)


Started GET "/assets/jquery.js?body=1" for 127.0.0.1 at 2013-08-15 01:36:52 -0600
Served asset /jquery.js - 304 Not Modified (0ms)


Started GET "/assets/jquery_ujs.js?body=1" for 127.0.0.1 at 2013-08-15 01:36:52 -0600
Served asset /jquery_ujs.js - 304 Not Modified (0ms)


Started GET "/assets/application.js?body=1" for 127.0.0.1 at 2013-08-15 01:36:52 -0600
Served asset /application.js - 304 Not Modified (0ms)


Started GET "/movies/6" for 127.0.0.1 at 2013-08-15 01:37:00 -0600
  Processing by MoviesController#show as HTML
  Parameters: {"id"=>"6"}
  [1m[36mMovie Load (0.3ms)[0m  [1mSELECT "movies".* FROM "movies" WHERE "movies"."id" = ? LIMIT 1[0m  [["id", "6"]]
Rendered movies/show.html.haml within layouts/application (13.9ms)
Completed 200 OK in 29ms (Views: 24.8ms | ActiveRecord: 0.9ms)


Started GET "/assets/application.css?body=1" for 127.0.0.1 at 2013-08-15 01:37:00 -0600
Served asset /application.css - 304 Not Modified (0ms)


Started GET "/assets/jquery.js?body=1" for 127.0.0.1 at 2013-08-15 01:37:00 -0600
Served asset /jquery.js - 304 Not Modified (0ms)


Started GET "/assets/jquery_ujs.js?body=1" for 127.0.0.1 at 2013-08-15 01:37:00 -0600
Served asset /jquery_ujs.js - 304 Not Modified (0ms)


Started GET "/assets/application.js?body=1" for 127.0.0.1 at 2013-08-15 01:37:00 -0600
Served asset /application.js - 304 Not Modified (0ms)


Started GET "/movies/same_director/6" for 127.0.0.1 at 2013-08-15 01:37:02 -0600
  Processing by MoviesController#same_director as HTML
  Parameters: {"id"=>"6"}
  [1m[35mMovie Load (0.3ms)[0m  SELECT "movies".* FROM "movies" WHERE "movies"."id" = ? LIMIT 1  [["id", 6]]
  [1m[36mCACHE (0.0ms)[0m  [1mSELECT "movies".* FROM "movies" WHERE "movies"."id" = ? LIMIT 1[0m
  [1m[35mMovie Load (0.5ms)[0m  SELECT "movies".* FROM "movies" WHERE "movies"."director" IS NULL
Rendered movies/same_director.html.haml within layouts/application (84.7ms)
Completed 200 OK in 115ms (Views: 97.9ms | ActiveRecord: 1.5ms)


Started GET "/assets/application.css?body=1" for 127.0.0.1 at 2013-08-15 01:37:02 -0600
Served asset /application.css - 304 Not Modified (0ms)


Started GET "/assets/jquery.js?body=1" for 127.0.0.1 at 2013-08-15 01:37:02 -0600
Served asset /jquery.js - 304 Not Modified (0ms)


Started GET "/assets/jquery_ujs.js?body=1" for 127.0.0.1 at 2013-08-15 01:37:02 -0600
Served asset /jquery_ujs.js - 304 Not Modified (0ms)


Started GET "/assets/application.js?body=1" for 127.0.0.1 at 2013-08-15 01:37:02 -0600
Served asset /application.js - 304 Not Modified (0ms)


Started GET "/movies" for 127.0.0.1 at 2013-08-15 01:38:30 -0600
  Processing by MoviesController#index as HTML
  [1m[36mMovie Load (0.5ms)[0m  [1mSELECT "movies".* FROM "movies" WHERE "movies"."rating" IN ('G', 'PG', 'PG-13', 'NC-17', 'R')[0m
Rendered movies/index.html.haml within layouts/application (34.1ms)
Completed 200 OK in 50ms (Views: 45.8ms | ActiveRecord: 1.1ms)


Started GET "/assets/application.css?body=1" for 127.0.0.1 at 2013-08-15 01:38:31 -0600
Served asset /application.css - 304 Not Modified (0ms)


Started GET "/assets/jquery.js?body=1" for 127.0.0.1 at 2013-08-15 01:38:31 -0600
Served asset /jquery.js - 304 Not Modified (0ms)


Started GET "/assets/application.js?body=1" for 127.0.0.1 at 2013-08-15 01:38:31 -0600
Served asset /application.js - 304 Not Modified (0ms)


Started GET "/assets/jquery_ujs.js?body=1" for 127.0.0.1 at 2013-08-15 01:38:31 -0600
Served asset /jquery_ujs.js - 304 Not Modified (0ms)


Started GET "/movies/20" for 127.0.0.1 at 2013-08-15 01:38:33 -0600
  Processing by MoviesController#show as HTML
  Parameters: {"id"=>"20"}
  [1m[35mMovie Load (0.4ms)[0m  SELECT "movies".* FROM "movies" WHERE "movies"."id" = ? LIMIT 1  [["id", "20"]]
Rendered movies/show.html.haml within layouts/application (13.5ms)
Completed 200 OK in 27ms (Views: 23.5ms | ActiveRecord: 1.0ms)


Started GET "/assets/application.css?body=1" for 127.0.0.1 at 2013-08-15 01:38:33 -0600
Served asset /application.css - 304 Not Modified (0ms)


Started GET "/assets/jquery.js?body=1" for 127.0.0.1 at 2013-08-15 01:38:33 -0600
Served asset /jquery.js - 304 Not Modified (0ms)


Started GET "/assets/jquery_ujs.js?body=1" for 127.0.0.1 at 2013-08-15 01:38:33 -0600
Served asset /jquery_ujs.js - 304 Not Modified (0ms)


Started GET "/assets/application.js?body=1" for 127.0.0.1 at 2013-08-15 01:38:33 -0600
Served asset /application.js - 304 Not Modified (0ms)


Started GET "/movies/same_director/20" for 127.0.0.1 at 2013-08-15 01:38:35 -0600
  Processing by MoviesController#same_director as HTML
  Parameters: {"id"=>"20"}
  [1m[36mMovie Load (0.3ms)[0m  [1mSELECT "movies".* FROM "movies" WHERE "movies"."id" = ? LIMIT 1[0m  [["id", 20]]
  [1m[35mMovie Load (0.4ms)[0m  SELECT "movies".* FROM "movies" WHERE "movies"."director" = 'Quentin Tarantino'
Rendered movies/same_director.html.haml within layouts/application (3.0ms)
Completed 200 OK in 31ms (Views: 14.3ms | ActiveRecord: 1.4ms)


Started GET "/assets/application.css?body=1" for 127.0.0.1 at 2013-08-15 01:38:35 -0600
Served asset /application.css - 304 Not Modified (0ms)


Started GET "/assets/application.js?body=1" for 127.0.0.1 at 2013-08-15 01:38:35 -0600
Served asset /application.js - 304 Not Modified (0ms)


Started GET "/assets/jquery.js?body=1" for 127.0.0.1 at 2013-08-15 01:38:35 -0600
Served asset /jquery.js - 304 Not Modified (0ms)


Started GET "/assets/jquery_ujs.js?body=1" for 127.0.0.1 at 2013-08-15 01:38:35 -0600
Served asset /jquery_ujs.js - 304 Not Modified (0ms)


Started GET "/movies/20" for 127.0.0.1 at 2013-08-15 01:38:38 -0600
  Processing by MoviesController#show as HTML
  Parameters: {"id"=>"20"}
  [1m[36mMovie Load (0.3ms)[0m  [1mSELECT "movies".* FROM "movies" WHERE "movies"."id" = ? LIMIT 1[0m  [["id", "20"]]
Rendered movies/show.html.haml within layouts/application (14.4ms)
Completed 200 OK in 28ms (Views: 24.0ms | ActiveRecord: 0.9ms)


Started GET "/assets/application.css?body=1" for 127.0.0.1 at 2013-08-15 01:38:38 -0600
Served asset /application.css - 304 Not Modified (0ms)


Started GET "/assets/jquery.js?body=1" for 127.0.0.1 at 2013-08-15 01:38:38 -0600
Served asset /jquery.js - 304 Not Modified (0ms)


Started GET "/assets/jquery_ujs.js?body=1" for 127.0.0.1 at 2013-08-15 01:38:38 -0600
Served asset /jquery_ujs.js - 304 Not Modified (0ms)


Started GET "/assets/application.js?body=1" for 127.0.0.1 at 2013-08-15 01:38:38 -0600
Served asset /application.js - 304 Not Modified (0ms)


Started GET "/movies" for 127.0.0.1 at 2013-08-15 01:38:39 -0600
  Processing by MoviesController#index as HTML
  [1m[35mMovie Load (0.5ms)[0m  SELECT "movies".* FROM "movies" WHERE "movies"."rating" IN ('G', 'PG', 'PG-13', 'NC-17', 'R')
Rendered movies/index.html.haml within layouts/application (88.4ms)
Completed 200 OK in 105ms (Views: 101.0ms | ActiveRecord: 1.1ms)


Started GET "/assets/application.css?body=1" for 127.0.0.1 at 2013-08-15 01:38:39 -0600
Served asset /application.css - 304 Not Modified (0ms)


Started GET "/assets/jquery.js?body=1" for 127.0.0.1 at 2013-08-15 01:38:39 -0600
Served asset /jquery.js - 304 Not Modified (0ms)


Started GET "/assets/jquery_ujs.js?body=1" for 127.0.0.1 at 2013-08-15 01:38:39 -0600
Served asset /jquery_ujs.js - 304 Not Modified (0ms)


Started GET "/assets/application.js?body=1" for 127.0.0.1 at 2013-08-15 01:38:39 -0600
Served asset /application.js - 304 Not Modified (0ms)


Started GET "/movies/8" for 127.0.0.1 at 2013-08-15 01:38:40 -0600
  Processing by MoviesController#show as HTML
  Parameters: {"id"=>"8"}
  [1m[36mMovie Load (0.5ms)[0m  [1mSELECT "movies".* FROM "movies" WHERE "movies"."id" = ? LIMIT 1[0m  [["id", "8"]]
Rendered movies/show.html.haml within layouts/application (14.0ms)
Completed 200 OK in 31ms (Views: 25.8ms | ActiveRecord: 1.4ms)


Started GET "/assets/jquery.js?body=1" for 127.0.0.1 at 2013-08-15 01:38:40 -0600
Served asset /jquery.js - 304 Not Modified (0ms)


Started GET "/assets/jquery_ujs.js?body=1" for 127.0.0.1 at 2013-08-15 01:38:40 -0600
Served asset /jquery_ujs.js - 304 Not Modified (0ms)


Started GET "/assets/application.css?body=1" for 127.0.0.1 at 2013-08-15 01:38:40 -0600
Served asset /application.css - 304 Not Modified (0ms)


Started GET "/assets/application.js?body=1" for 127.0.0.1 at 2013-08-15 01:38:40 -0600
Served asset /application.js - 304 Not Modified (0ms)


Started GET "/movies/same_director/8" for 127.0.0.1 at 2013-08-15 01:38:42 -0600
  Processing by MoviesController#same_director as HTML
  Parameters: {"id"=>"8"}
  [1m[35mMovie Load (0.3ms)[0m  SELECT "movies".* FROM "movies" WHERE "movies"."id" = ? LIMIT 1  [["id", 8]]
  [1m[36mMovie Load (0.5ms)[0m  [1mSELECT "movies".* FROM "movies" WHERE "movies"."director" IS NULL[0m
Rendered movies/same_director.html.haml within layouts/application (16.4ms)
Completed 200 OK in 44ms (Views: 28.3ms | ActiveRecord: 1.4ms)


Started GET "/assets/jquery_ujs.js?body=1" for 127.0.0.1 at 2013-08-15 01:38:42 -0600
Served asset /jquery_ujs.js - 304 Not Modified (0ms)


Started GET "/assets/jquery.js?body=1" for 127.0.0.1 at 2013-08-15 01:38:42 -0600
Served asset /jquery.js - 304 Not Modified (0ms)


Started GET "/assets/application.js?body=1" for 127.0.0.1 at 2013-08-15 01:38:42 -0600
Served asset /application.js - 304 Not Modified (0ms)


Started GET "/assets/application.css?body=1" for 127.0.0.1 at 2013-08-15 01:38:42 -0600
Served asset /application.css - 304 Not Modified (0ms)


Started GET "/movies/same_director/8" for 127.0.0.1 at 2013-08-15 01:39:27 -0600
  Processing by MoviesController#same_director as HTML
  Parameters: {"id"=>"8"}
  [1m[35mMovie Load (0.3ms)[0m  SELECT "movies".* FROM "movies" WHERE "movies"."id" = ? LIMIT 1  [["id", 8]]
Completed 500 Internal Server Error in 16ms

NoMethodError (You have a nil object when you didn't expect it!
You might have expected an instance of Array.
The error occurred while evaluating nil.empty?):
  app/models/movie.rb:7:in `find_similar'
  app/controllers/movies_controller.rb:6:in `same_director'

Rendered /usr/local/lib/ruby/gems/1.9.1/gems/actionpack-3.1.0/lib/action_dispatch/middleware/templates/rescues/_trace.erb (1.9ms)
Rendered /usr/local/lib/ruby/gems/1.9.1/gems/actionpack-3.1.0/lib/action_dispatch/middleware/templates/rescues/_request_and_response.erb (1.7ms)
Rendered /usr/local/lib/ruby/gems/1.9.1/gems/actionpack-3.1.0/lib/action_dispatch/middleware/templates/rescues/diagnostics.erb within rescues/layout (7.6ms)


Started GET "/movies" for 127.0.0.1 at 2013-08-15 01:39:40 -0600
  Processing by MoviesController#index as HTML
  [1m[36mMovie Load (0.6ms)[0m  [1mSELECT "movies".* FROM "movies" WHERE "movies"."rating" IN ('G', 'PG', 'PG-13', 'NC-17', 'R')[0m
Rendered movies/index.html.haml within layouts/application (37.4ms)
Completed 200 OK in 56ms (Views: 50.1ms | ActiveRecord: 1.3ms)


Started GET "/assets/application.css?body=1" for 127.0.0.1 at 2013-08-15 01:39:40 -0600
Served asset /application.css - 304 Not Modified (0ms)


Started GET "/assets/jquery.js?body=1" for 127.0.0.1 at 2013-08-15 01:39:40 -0600
Served asset /jquery.js - 304 Not Modified (0ms)


Started GET "/assets/jquery_ujs.js?body=1" for 127.0.0.1 at 2013-08-15 01:39:40 -0600
Served asset /jquery_ujs.js - 304 Not Modified (0ms)


Started GET "/assets/application.js?body=1" for 127.0.0.1 at 2013-08-15 01:39:40 -0600
Served asset /application.js - 304 Not Modified (0ms)


Started GET "/movies/14" for 127.0.0.1 at 2013-08-15 01:39:41 -0600
  Processing by MoviesController#show as HTML
  Parameters: {"id"=>"14"}
  [1m[35mMovie Load (0.3ms)[0m  SELECT "movies".* FROM "movies" WHERE "movies"."id" = ? LIMIT 1  [["id", "14"]]
Rendered movies/show.html.haml within layouts/application (16.5ms)
Completed 200 OK in 31ms (Views: 27.9ms | ActiveRecord: 0.9ms)


Started GET "/assets/application.css?body=1" for 127.0.0.1 at 2013-08-15 01:39:42 -0600
Served asset /application.css - 304 Not Modified (0ms)


Started GET "/assets/jquery.js?body=1" for 127.0.0.1 at 2013-08-15 01:39:42 -0600
Served asset /jquery.js - 304 Not Modified (0ms)


Started GET "/assets/jquery_ujs.js?body=1" for 127.0.0.1 at 2013-08-15 01:39:42 -0600
Served asset /jquery_ujs.js - 304 Not Modified (0ms)


Started GET "/assets/application.js?body=1" for 127.0.0.1 at 2013-08-15 01:39:42 -0600
Served asset /application.js - 304 Not Modified (0ms)


Started GET "/movies/same_director/14" for 127.0.0.1 at 2013-08-15 01:39:44 -0600
  Processing by MoviesController#same_director as HTML
  Parameters: {"id"=>"14"}
  [1m[36mMovie Load (0.3ms)[0m  [1mSELECT "movies".* FROM "movies" WHERE "movies"."id" = ? LIMIT 1[0m  [["id", 14]]
Completed 500 Internal Server Error in 14ms

NoMethodError (You have a nil object when you didn't expect it!
You might have expected an instance of Array.
The error occurred while evaluating nil.empty?):
  app/models/movie.rb:7:in `find_similar'
  app/controllers/movies_controller.rb:6:in `same_director'

Rendered /usr/local/lib/ruby/gems/1.9.1/gems/actionpack-3.1.0/lib/action_dispatch/middleware/templates/rescues/_trace.erb (1.8ms)
Rendered /usr/local/lib/ruby/gems/1.9.1/gems/actionpack-3.1.0/lib/action_dispatch/middleware/templates/rescues/_request_and_response.erb (1.5ms)
Rendered /usr/local/lib/ruby/gems/1.9.1/gems/actionpack-3.1.0/lib/action_dispatch/middleware/templates/rescues/diagnostics.erb within rescues/layout (7.2ms)


Started GET "/movies/same_director/14" for 127.0.0.1 at 2013-08-15 01:40:14 -0600
  Processing by MoviesController#same_director as HTML
  Parameters: {"id"=>"14"}
  [1m[35mMovie Load (0.3ms)[0m  SELECT "movies".* FROM "movies" WHERE "movies"."id" = ? LIMIT 1  [["id", 14]]
  [1m[36mMovie Load (0.6ms)[0m  [1mSELECT "movies".* FROM "movies" WHERE "movies"."director" IS NULL[0m
Rendered movies/same_director.html.haml within layouts/application (14.4ms)
Completed 200 OK in 41ms (Views: 25.2ms | ActiveRecord: 1.4ms)


Started GET "/assets/application.css?body=1" for 127.0.0.1 at 2013-08-15 01:40:14 -0600
Served asset /application.css - 304 Not Modified (0ms)


Started GET "/assets/jquery.js?body=1" for 127.0.0.1 at 2013-08-15 01:40:14 -0600
Served asset /jquery.js - 304 Not Modified (0ms)


Started GET "/assets/jquery_ujs.js?body=1" for 127.0.0.1 at 2013-08-15 01:40:14 -0600
Served asset /jquery_ujs.js - 304 Not Modified (0ms)


Started GET "/assets/application.js?body=1" for 127.0.0.1 at 2013-08-15 01:40:14 -0600
Served asset /application.js - 304 Not Modified (0ms)


Started GET "/movies/same_director/14" for 127.0.0.1 at 2013-08-15 01:40:40 -0600
  Processing by MoviesController#same_director as HTML
  Parameters: {"id"=>"14"}
  [1m[35mMovie Load (0.3ms)[0m  SELECT "movies".* FROM "movies" WHERE "movies"."id" = ? LIMIT 1  [["id", 14]]
Completed 500 Internal Server Error in 15ms

NameError (undefined local variable or method `flash' for #<Class:0xb33c0010>):
  app/models/movie.rb:7:in `find_similar'
  app/controllers/movies_controller.rb:6:in `same_director'

Rendered /usr/local/lib/ruby/gems/1.9.1/gems/actionpack-3.1.0/lib/action_dispatch/middleware/templates/rescues/_trace.erb (1.9ms)
Rendered /usr/local/lib/ruby/gems/1.9.1/gems/actionpack-3.1.0/lib/action_dispatch/middleware/templates/rescues/_request_and_response.erb (1.7ms)
Rendered /usr/local/lib/ruby/gems/1.9.1/gems/actionpack-3.1.0/lib/action_dispatch/middleware/templates/rescues/diagnostics.erb within rescues/layout (7.5ms)


Started GET "/movies/14/edit" for 127.0.0.1 at 2013-08-15 01:41:26 -0600
  Processing by MoviesController#edit as HTML
  Parameters: {"id"=>"14"}
  [1m[36mMovie Load (0.3ms)[0m  [1mSELECT "movies".* FROM "movies" WHERE "movies"."id" = ? LIMIT 1[0m  [["id", "14"]]
Rendered movies/edit.html.haml within layouts/application (20.4ms)
Completed 200 OK in 38ms (Views: 33.5ms | ActiveRecord: 1.1ms)


Started GET "/assets/application.css?body=1" for 127.0.0.1 at 2013-08-15 01:41:26 -0600
Served asset /application.css - 304 Not Modified (0ms)


Started GET "/assets/jquery.js?body=1" for 127.0.0.1 at 2013-08-15 01:41:26 -0600
Served asset /jquery.js - 304 Not Modified (0ms)


Started GET "/assets/jquery_ujs.js?body=1" for 127.0.0.1 at 2013-08-15 01:41:26 -0600
Served asset /jquery_ujs.js - 304 Not Modified (0ms)


Started GET "/assets/application.js?body=1" for 127.0.0.1 at 2013-08-15 01:41:26 -0600
Served asset /application.js - 304 Not Modified (2ms)


Started GET "/movies/same_director/14" for 127.0.0.1 at 2013-08-15 01:41:29 -0600
  Processing by MoviesController#same_director as HTML
  Parameters: {"id"=>"14"}
  [1m[35mMovie Load (0.4ms)[0m  SELECT "movies".* FROM "movies" WHERE "movies"."id" = ? LIMIT 1  [["id", 14]]
Completed 500 Internal Server Error in 17ms

NoMethodError (You have a nil object when you didn't expect it!
You might have expected an instance of Array.
The error occurred while evaluating nil.empty?):
  app/models/movie.rb:7:in `find_similar'
  app/controllers/movies_controller.rb:6:in `same_director'

Rendered /usr/local/lib/ruby/gems/1.9.1/gems/actionpack-3.1.0/lib/action_dispatch/middleware/templates/rescues/_trace.erb (2.3ms)
Rendered /usr/local/lib/ruby/gems/1.9.1/gems/actionpack-3.1.0/lib/action_dispatch/middleware/templates/rescues/_request_and_response.erb (1.9ms)
Rendered /usr/local/lib/ruby/gems/1.9.1/gems/actionpack-3.1.0/lib/action_dispatch/middleware/templates/rescues/diagnostics.erb within rescues/layout (8.0ms)


Started GET "/movies/same_director/14" for 127.0.0.1 at 2013-08-15 01:41:42 -0600
  Processing by MoviesController#same_director as HTML
  Parameters: {"id"=>"14"}
  [1m[36mMovie Load (0.3ms)[0m  [1mSELECT "movies".* FROM "movies" WHERE "movies"."id" = ? LIMIT 1[0m  [["id", 14]]
Redirected to http://localhost:3000/movies
Completed 302 Found in 15ms


Started GET "/movies" for 127.0.0.1 at 2013-08-15 01:41:42 -0600
  Processing by MoviesController#index as HTML
  [1m[35mMovie Load (0.5ms)[0m  SELECT "movies".* FROM "movies" WHERE "movies"."rating" IN ('G', 'PG', 'PG-13', 'NC-17', 'R')
Rendered movies/index.html.haml within layouts/application (34.7ms)
Completed 200 OK in 54ms (Views: 49.5ms | ActiveRecord: 1.1ms)


Started GET "/assets/application.css?body=1" for 127.0.0.1 at 2013-08-15 01:41:42 -0600
Served asset /application.css - 304 Not Modified (0ms)


Started GET "/assets/jquery_ujs.js?body=1" for 127.0.0.1 at 2013-08-15 01:41:42 -0600
Served asset /jquery_ujs.js - 304 Not Modified (0ms)


Started GET "/assets/jquery.js?body=1" for 127.0.0.1 at 2013-08-15 01:41:42 -0600
Served asset /jquery.js - 304 Not Modified (0ms)


Started GET "/assets/application.js?body=1" for 127.0.0.1 at 2013-08-15 01:41:42 -0600
Served asset /application.js - 304 Not Modified (0ms)


Started GET "/movies/12" for 127.0.0.1 at 2013-08-15 01:42:05 -0600
  Processing by MoviesController#show as HTML
  Parameters: {"id"=>"12"}
  [1m[36mMovie Load (0.3ms)[0m  [1mSELECT "movies".* FROM "movies" WHERE "movies"."id" = ? LIMIT 1[0m  [["id", "12"]]
Rendered movies/show.html.haml within layouts/application (88.5ms)
Completed 200 OK in 104ms (Views: 100.5ms | ActiveRecord: 1.0ms)


Started GET "/assets/application.css?body=1" for 127.0.0.1 at 2013-08-15 01:42:06 -0600
Served asset /application.css - 304 Not Modified (0ms)


Started GET "/assets/jquery.js?body=1" for 127.0.0.1 at 2013-08-15 01:42:06 -0600
Served asset /jquery.js - 304 Not Modified (0ms)


Started GET "/assets/jquery_ujs.js?body=1" for 127.0.0.1 at 2013-08-15 01:42:06 -0600
Served asset /jquery_ujs.js - 304 Not Modified (0ms)


Started GET "/assets/application.js?body=1" for 127.0.0.1 at 2013-08-15 01:42:06 -0600
Served asset /application.js - 304 Not Modified (0ms)


Started GET "/movies/same_director/12" for 127.0.0.1 at 2013-08-15 01:42:07 -0600
  Processing by MoviesController#same_director as HTML
  Parameters: {"id"=>"12"}
  [1m[35mMovie Load (0.5ms)[0m  SELECT "movies".* FROM "movies" WHERE "movies"."id" = ? LIMIT 1  [["id", 12]]
Redirected to http://localhost:3000/movies
Completed 302 Found in 17ms


Started GET "/movies" for 127.0.0.1 at 2013-08-15 01:42:07 -0600
  Processing by MoviesController#index as HTML
  [1m[36mMovie Load (0.9ms)[0m  [1mSELECT "movies".* FROM "movies" WHERE "movies"."rating" IN ('G', 'PG', 'PG-13', 'NC-17', 'R')[0m
Rendered movies/index.html.haml within layouts/application (40.5ms)
Completed 200 OK in 66ms (Views: 58.6ms | ActiveRecord: 1.8ms)


Started GET "/assets/application.css?body=1" for 127.0.0.1 at 2013-08-15 01:42:08 -0600
Served asset /application.css - 304 Not Modified (0ms)


Started GET "/assets/jquery.js?body=1" for 127.0.0.1 at 2013-08-15 01:42:08 -0600
Served asset /jquery.js - 304 Not Modified (0ms)


Started GET "/assets/jquery_ujs.js?body=1" for 127.0.0.1 at 2013-08-15 01:42:08 -0600
Served asset /jquery_ujs.js - 304 Not Modified (0ms)


Started GET "/assets/application.js?body=1" for 127.0.0.1 at 2013-08-15 01:42:08 -0600
Served asset /application.js - 304 Not Modified (0ms)


Started GET "/movies/20" for 127.0.0.1 at 2013-08-15 01:42:48 -0600
  Processing by MoviesController#show as HTML
  Parameters: {"id"=>"20"}
  [1m[35mMovie Load (0.3ms)[0m  SELECT "movies".* FROM "movies" WHERE "movies"."id" = ? LIMIT 1  [["id", "20"]]
Rendered movies/show.html.haml within layouts/application (14.6ms)
Completed 200 OK in 30ms (Views: 26.3ms | ActiveRecord: 1.1ms)


Started GET "/assets/application.css?body=1" for 127.0.0.1 at 2013-08-15 01:42:48 -0600
Served asset /application.css - 304 Not Modified (2ms)


Started GET "/assets/jquery.js?body=1" for 127.0.0.1 at 2013-08-15 01:42:48 -0600
Served asset /jquery.js - 304 Not Modified (3ms)


Started GET "/assets/jquery_ujs.js?body=1" for 127.0.0.1 at 2013-08-15 01:42:48 -0600
Served asset /jquery_ujs.js - 304 Not Modified (0ms)


Started GET "/assets/application.js?body=1" for 127.0.0.1 at 2013-08-15 01:42:48 -0600
Served asset /application.js - 304 Not Modified (0ms)


Started GET "/movies/same_director/20" for 127.0.0.1 at 2013-08-15 01:42:50 -0600
  Processing by MoviesController#same_director as HTML
  Parameters: {"id"=>"20"}
  [1m[36mMovie Load (0.3ms)[0m  [1mSELECT "movies".* FROM "movies" WHERE "movies"."id" = ? LIMIT 1[0m  [["id", 20]]
  [1m[35mMovie Load (0.4ms)[0m  SELECT "movies".* FROM "movies" WHERE "movies"."director" = 'Quentin Tarantino'
Rendered movies/same_director.html.haml within layouts/application (3.5ms)
Completed 200 OK in 32ms (Views: 16.7ms | ActiveRecord: 1.4ms)


Started GET "/assets/application.css?body=1" for 127.0.0.1 at 2013-08-15 01:42:50 -0600
Served asset /application.css - 304 Not Modified (0ms)


Started GET "/assets/jquery.js?body=1" for 127.0.0.1 at 2013-08-15 01:42:50 -0600
Served asset /jquery.js - 304 Not Modified (0ms)


Started GET "/assets/jquery_ujs.js?body=1" for 127.0.0.1 at 2013-08-15 01:42:50 -0600
Served asset /jquery_ujs.js - 304 Not Modified (0ms)


Started GET "/assets/application.js?body=1" for 127.0.0.1 at 2013-08-15 01:42:50 -0600
Served asset /application.js - 304 Not Modified (0ms)


Started GET "/movies/same_director/-1" for 127.0.0.1 at 2013-08-15 01:42:52 -0600
  Processing by MoviesController#same_director as HTML
  Parameters: {"id"=>"-1"}
  [1m[36mMovie Load (0.3ms)[0m  [1mSELECT "movies".* FROM "movies" WHERE "movies"."id" = ? LIMIT 1[0m  [["id", -1]]
Completed 404 Not Found in 4ms

ActiveRecord::RecordNotFound (Couldn't find Movie with id=-1):
  app/controllers/movies_controller.rb:5:in `same_director'

Rendered /usr/local/lib/ruby/gems/1.9.1/gems/actionpack-3.1.0/lib/action_dispatch/middleware/templates/rescues/_trace.erb (1.9ms)
Rendered /usr/local/lib/ruby/gems/1.9.1/gems/actionpack-3.1.0/lib/action_dispatch/middleware/templates/rescues/_request_and_response.erb (1.7ms)
Rendered /usr/local/lib/ruby/gems/1.9.1/gems/actionpack-3.1.0/lib/action_dispatch/middleware/templates/rescues/diagnostics.erb within rescues/layout (7.4ms)


Started GET "/movies" for 127.0.0.1 at 2013-08-15 02:30:39 -0600
  Processing by MoviesController#index as HTML
  [1m[36mMovie Load (0.9ms)[0m  [1mSELECT "movies".* FROM "movies" WHERE "movies"."rating" IN ('G', 'PG', 'PG-13', 'NC-17', 'R')[0m
Rendered movies/index.html.haml within layouts/application (48.5ms)
Completed 200 OK in 247ms (Views: 226.7ms | ActiveRecord: 1.2ms)


Started GET "/assets/application.css?body=1" for 127.0.0.1 at 2013-08-15 02:30:42 -0600
Served asset /application.css - 304 Not Modified (0ms)


Started GET "/assets/application.js?body=1" for 127.0.0.1 at 2013-08-15 02:30:42 -0600
Served asset /application.js - 304 Not Modified (5ms)


Started GET "/assets/jquery.js?body=1" for 127.0.0.1 at 2013-08-15 02:30:42 -0600
Served asset /jquery.js - 304 Not Modified (4ms)


Started GET "/assets/jquery_ujs.js?body=1" for 127.0.0.1 at 2013-08-15 02:30:42 -0600
Served asset /jquery_ujs.js - 304 Not Modified (3ms)


Started GET "/movies/20" for 127.0.0.1 at 2013-08-15 02:30:45 -0600
  Processing by MoviesController#show as HTML
  Parameters: {"id"=>"20"}
  [1m[35mMovie Load (0.5ms)[0m  SELECT "movies".* FROM "movies" WHERE "movies"."id" = ? LIMIT 1  [["id", "20"]]
Rendered movies/show.html.haml within layouts/application (23.0ms)
Completed 200 OK in 40ms (Views: 34.8ms | ActiveRecord: 1.2ms)


Started GET "/assets/application.css?body=1" for 127.0.0.1 at 2013-08-15 02:30:45 -0600
Served asset /application.css - 304 Not Modified (0ms)


Started GET "/assets/jquery.js?body=1" for 127.0.0.1 at 2013-08-15 02:30:45 -0600
Served asset /jquery.js - 304 Not Modified (0ms)


Started GET "/assets/application.js?body=1" for 127.0.0.1 at 2013-08-15 02:30:45 -0600
Served asset /application.js - 304 Not Modified (1ms)


Started GET "/assets/jquery_ujs.js?body=1" for 127.0.0.1 at 2013-08-15 02:30:45 -0600
Served asset /jquery_ujs.js - 304 Not Modified (0ms)


Started GET "/movies/same_director/20" for 127.0.0.1 at 2013-08-15 02:30:47 -0600
  Processing by MoviesController#same_director as HTML
  Parameters: {"id"=>"20"}
  [1m[36mMovie Load (99.1ms)[0m  [1mSELECT "movies".* FROM "movies" WHERE "movies"."id" = ? LIMIT 1[0m  [["id", 20]]
  [1m[35mMovie Load (0.4ms)[0m  SELECT "movies".* FROM "movies" WHERE "movies"."director" = 'Quentin Tarantino'
Rendered movies/same_director.html.haml within layouts/application (9.4ms)
Completed 200 OK in 165ms (Views: 23.3ms | ActiveRecord: 100.1ms)


Started GET "/assets/application.css?body=1" for 127.0.0.1 at 2013-08-15 02:30:47 -0600
Served asset /application.css - 304 Not Modified (0ms)


Started GET "/assets/application.js?body=1" for 127.0.0.1 at 2013-08-15 02:30:47 -0600
Served asset /application.js - 304 Not Modified (9ms)


Started GET "/assets/jquery.js?body=1" for 127.0.0.1 at 2013-08-15 02:30:47 -0600
Served asset /jquery.js - 304 Not Modified (0ms)


Started GET "/assets/jquery_ujs.js?body=1" for 127.0.0.1 at 2013-08-15 02:30:47 -0600
Served asset /jquery_ujs.js - 304 Not Modified (0ms)


Started GET "/movies/20" for 127.0.0.1 at 2013-08-15 02:30:49 -0600
  Processing by MoviesController#show as HTML
  Parameters: {"id"=>"20"}
  [1m[36mMovie Load (0.4ms)[0m  [1mSELECT "movies".* FROM "movies" WHERE "movies"."id" = ? LIMIT 1[0m  [["id", "20"]]
Rendered movies/show.html.haml within layouts/application (13.1ms)
Completed 200 OK in 26ms (Views: 22.7ms | ActiveRecord: 1.0ms)


Started GET "/assets/application.css?body=1" for 127.0.0.1 at 2013-08-15 02:30:49 -0600
Served asset /application.css - 304 Not Modified (0ms)


Started GET "/assets/jquery.js?body=1" for 127.0.0.1 at 2013-08-15 02:30:49 -0600
Served asset /jquery.js - 304 Not Modified (0ms)


Started GET "/assets/jquery_ujs.js?body=1" for 127.0.0.1 at 2013-08-15 02:30:49 -0600
Served asset /jquery_ujs.js - 304 Not Modified (0ms)


Started GET "/assets/application.js?body=1" for 127.0.0.1 at 2013-08-15 02:30:49 -0600
Served asset /application.js - 304 Not Modified (0ms)


Started GET "/movies/same_director/20" for 127.0.0.1 at 2013-08-15 02:30:51 -0600
  Processing by MoviesController#same_director as HTML
  Parameters: {"id"=>"20"}
  [1m[35mMovie Load (0.3ms)[0m  SELECT "movies".* FROM "movies" WHERE "movies"."id" = ? LIMIT 1  [["id", 20]]
  [1m[36mMovie Load (0.4ms)[0m  [1mSELECT "movies".* FROM "movies" WHERE "movies"."director" = 'Quentin Tarantino'[0m
Rendered movies/same_director.html.haml within layouts/application (3.2ms)
Completed 200 OK in 34ms (Views: 15.6ms | ActiveRecord: 1.3ms)


Started GET "/assets/application.css?body=1" for 127.0.0.1 at 2013-08-15 02:30:51 -0600
Served asset /application.css - 304 Not Modified (0ms)


Started GET "/assets/jquery.js?body=1" for 127.0.0.1 at 2013-08-15 02:30:51 -0600
Served asset /jquery.js - 304 Not Modified (0ms)


Started GET "/assets/jquery_ujs.js?body=1" for 127.0.0.1 at 2013-08-15 02:30:51 -0600
Served asset /jquery_ujs.js - 304 Not Modified (0ms)


Started GET "/assets/application.js?body=1" for 127.0.0.1 at 2013-08-15 02:30:51 -0600
Served asset /application.js - 304 Not Modified (0ms)


Started GET "/movies/20" for 127.0.0.1 at 2013-08-15 02:31:04 -0600
  Processing by MoviesController#show as HTML
  Parameters: {"id"=>"20"}
  [1m[35mMovie Load (0.3ms)[0m  SELECT "movies".* FROM "movies" WHERE "movies"."id" = ? LIMIT 1  [["id", "20"]]
Rendered movies/show.html.haml within layouts/application (13.4ms)
Completed 200 OK in 27ms (Views: 23.1ms | ActiveRecord: 0.9ms)


Started GET "/assets/application.css?body=1" for 127.0.0.1 at 2013-08-15 02:31:04 -0600
Served asset /application.css - 304 Not Modified (0ms)


Started GET "/assets/jquery.js?body=1" for 127.0.0.1 at 2013-08-15 02:31:04 -0600
Served asset /jquery.js - 304 Not Modified (0ms)


Started GET "/assets/jquery_ujs.js?body=1" for 127.0.0.1 at 2013-08-15 02:31:04 -0600
Served asset /jquery_ujs.js - 304 Not Modified (0ms)


Started GET "/assets/application.js?body=1" for 127.0.0.1 at 2013-08-15 02:31:04 -0600
Served asset /application.js - 304 Not Modified (0ms)


Started GET "/movies/20" for 127.0.0.1 at 2013-08-15 02:31:53 -0600
  Processing by MoviesController#show as HTML
  Parameters: {"id"=>"20"}
  [1m[36mMovie Load (0.3ms)[0m  [1mSELECT "movies".* FROM "movies" WHERE "movies"."id" = ? LIMIT 1[0m  [["id", "20"]]
Rendered movies/show.html.haml within layouts/application (14.4ms)
Completed 200 OK in 29ms (Views: 24.5ms | ActiveRecord: 1.0ms)


Started GET "/assets/application.css?body=1" for 127.0.0.1 at 2013-08-15 02:31:53 -0600
Served asset /application.css - 304 Not Modified (0ms)


Started GET "/assets/jquery.js?body=1" for 127.0.0.1 at 2013-08-15 02:31:53 -0600
Served asset /jquery.js - 304 Not Modified (0ms)


Started GET "/assets/jquery_ujs.js?body=1" for 127.0.0.1 at 2013-08-15 02:31:53 -0600
Served asset /jquery_ujs.js - 304 Not Modified (0ms)


Started GET "/assets/application.js?body=1" for 127.0.0.1 at 2013-08-15 02:31:53 -0600
Served asset /application.js - 304 Not Modified (1ms)


Started GET "/movies/20/same_director" for 127.0.0.1 at 2013-08-15 02:31:55 -0600
  Processing by MoviesController#same_director as HTML
  Parameters: {"id"=>"20"}
  [1m[35mMovie Load (0.3ms)[0m  SELECT "movies".* FROM "movies" WHERE "movies"."id" = ? LIMIT 1  [["id", 20]]
  [1m[36mMovie Load (0.4ms)[0m  [1mSELECT "movies".* FROM "movies" WHERE "movies"."director" = 'Quentin Tarantino'[0m
Rendered movies/same_director.html.haml within layouts/application (2.8ms)
Completed 200 OK in 29ms (Views: 13.2ms | ActiveRecord: 1.3ms)


Started GET "/assets/application.css?body=1" for 127.0.0.1 at 2013-08-15 02:31:55 -0600
Served asset /application.css - 304 Not Modified (0ms)


Started GET "/assets/jquery.js?body=1" for 127.0.0.1 at 2013-08-15 02:31:55 -0600
Served asset /jquery.js - 304 Not Modified (0ms)


Started GET "/assets/jquery_ujs.js?body=1" for 127.0.0.1 at 2013-08-15 02:31:55 -0600
Served asset /jquery_ujs.js - 304 Not Modified (0ms)


Started GET "/assets/application.js?body=1" for 127.0.0.1 at 2013-08-15 02:31:55 -0600
Served asset /application.js - 304 Not Modified (0ms)


Started GET "/movies/20" for 127.0.0.1 at 2013-08-15 02:32:00 -0600
  Processing by MoviesController#show as HTML
  Parameters: {"id"=>"20"}
  [1m[35mMovie Load (0.4ms)[0m  SELECT "movies".* FROM "movies" WHERE "movies"."id" = ? LIMIT 1  [["id", "20"]]
Rendered movies/show.html.haml within layouts/application (18.4ms)
Completed 200 OK in 33ms (Views: 29.7ms | ActiveRecord: 1.0ms)


Started GET "/assets/application.css?body=1" for 127.0.0.1 at 2013-08-15 02:32:00 -0600
Served asset /application.css - 304 Not Modified (0ms)


Started GET "/assets/jquery.js?body=1" for 127.0.0.1 at 2013-08-15 02:32:00 -0600
Served asset /jquery.js - 304 Not Modified (0ms)


Started GET "/assets/jquery_ujs.js?body=1" for 127.0.0.1 at 2013-08-15 02:32:01 -0600
Served asset /jquery_ujs.js - 304 Not Modified (0ms)


Started GET "/assets/application.js?body=1" for 127.0.0.1 at 2013-08-15 02:32:01 -0600
Served asset /application.js - 304 Not Modified (0ms)


Started GET "/movies/20/same_director" for 127.0.0.1 at 2013-08-15 02:32:02 -0600
  Processing by MoviesController#same_director as HTML
  Parameters: {"id"=>"20"}
  [1m[36mMovie Load (0.5ms)[0m  [1mSELECT "movies".* FROM "movies" WHERE "movies"."id" = ? LIMIT 1[0m  [["id", 20]]
  [1m[35mMovie Load (0.4ms)[0m  SELECT "movies".* FROM "movies" WHERE "movies"."director" = 'Quentin Tarantino'
Rendered movies/same_director.html.haml within layouts/application (3.0ms)
Completed 200 OK in 34ms (Views: 15.1ms | ActiveRecord: 1.6ms)


Started GET "/assets/application.css?body=1" for 127.0.0.1 at 2013-08-15 02:32:02 -0600
Served asset /application.css - 304 Not Modified (0ms)


Started GET "/assets/jquery.js?body=1" for 127.0.0.1 at 2013-08-15 02:32:02 -0600
Served asset /jquery.js - 304 Not Modified (0ms)


Started GET "/assets/application.js?body=1" for 127.0.0.1 at 2013-08-15 02:32:02 -0600
Served asset /application.js - 304 Not Modified (1ms)


Started GET "/assets/jquery_ujs.js?body=1" for 127.0.0.1 at 2013-08-15 02:32:02 -0600
Served asset /jquery_ujs.js - 304 Not Modified (0ms)


Started GET "/movies/20" for 127.0.0.1 at 2013-08-15 02:32:04 -0600
  Processing by MoviesController#show as HTML
  Parameters: {"id"=>"20"}
  [1m[36mMovie Load (0.3ms)[0m  [1mSELECT "movies".* FROM "movies" WHERE "movies"."id" = ? LIMIT 1[0m  [["id", "20"]]
Rendered movies/show.html.haml within layouts/application (16.1ms)
Completed 200 OK in 33ms (Views: 28.8ms | ActiveRecord: 0.9ms)


Started GET "/assets/application.css?body=1" for 127.0.0.1 at 2013-08-15 02:32:04 -0600
Served asset /application.css - 304 Not Modified (0ms)


Started GET "/assets/jquery_ujs.js?body=1" for 127.0.0.1 at 2013-08-15 02:32:04 -0600
Served asset /jquery_ujs.js - 304 Not Modified (0ms)


Started GET "/assets/application.js?body=1" for 127.0.0.1 at 2013-08-15 02:32:04 -0600
Served asset /application.js - 304 Not Modified (0ms)


Started GET "/assets/jquery.js?body=1" for 127.0.0.1 at 2013-08-15 02:32:04 -0600
Served asset /jquery.js - 304 Not Modified (0ms)


Started GET "/movies" for 127.0.0.1 at 2013-08-15 02:32:06 -0600
  Processing by MoviesController#index as HTML
  [1m[35mMovie Load (0.5ms)[0m  SELECT "movies".* FROM "movies" WHERE "movies"."rating" IN ('G', 'PG', 'PG-13', 'NC-17', 'R')
Rendered movies/index.html.haml within layouts/application (89.8ms)
Completed 200 OK in 105ms (Views: 100.5ms | ActiveRecord: 1.1ms)


Started GET "/assets/jquery.js?body=1" for 127.0.0.1 at 2013-08-15 02:32:06 -0600
Served asset /jquery.js - 304 Not Modified (0ms)


Started GET "/assets/application.css?body=1" for 127.0.0.1 at 2013-08-15 02:32:06 -0600
Served asset /application.css - 304 Not Modified (0ms)


Started GET "/assets/jquery_ujs.js?body=1" for 127.0.0.1 at 2013-08-15 02:32:06 -0600
Served asset /jquery_ujs.js - 304 Not Modified (0ms)


Started GET "/assets/application.js?body=1" for 127.0.0.1 at 2013-08-15 02:32:06 -0600
Served asset /application.js - 304 Not Modified (1ms)


Started GET "/movies/16" for 127.0.0.1 at 2013-08-15 02:32:07 -0600
  Processing by MoviesController#show as HTML
  Parameters: {"id"=>"16"}
  [1m[36mMovie Load (0.4ms)[0m  [1mSELECT "movies".* FROM "movies" WHERE "movies"."id" = ? LIMIT 1[0m  [["id", "16"]]
Rendered movies/show.html.haml within layouts/application (13.4ms)
Completed 200 OK in 27ms (Views: 23.6ms | ActiveRecord: 0.9ms)


Started GET "/assets/application.css?body=1" for 127.0.0.1 at 2013-08-15 02:32:07 -0600
Served asset /application.css - 304 Not Modified (1ms)


Started GET "/assets/jquery.js?body=1" for 127.0.0.1 at 2013-08-15 02:32:07 -0600
Served asset /jquery.js - 304 Not Modified (0ms)


Started GET "/assets/jquery_ujs.js?body=1" for 127.0.0.1 at 2013-08-15 02:32:07 -0600
Served asset /jquery_ujs.js - 304 Not Modified (0ms)


Started GET "/assets/application.js?body=1" for 127.0.0.1 at 2013-08-15 02:32:07 -0600
Served asset /application.js - 304 Not Modified (0ms)


Started GET "/movies/16/same_director" for 127.0.0.1 at 2013-08-15 02:32:10 -0600
  Processing by MoviesController#same_director as HTML
  Parameters: {"id"=>"16"}
  [1m[35mMovie Load (0.4ms)[0m  SELECT "movies".* FROM "movies" WHERE "movies"."id" = ? LIMIT 1  [["id", 16]]
Redirected to http://localhost:3000/movies
Completed 302 Found in 15ms


Started GET "/movies" for 127.0.0.1 at 2013-08-15 02:32:10 -0600
  Processing by MoviesController#index as HTML
  [1m[36mMovie Load (0.5ms)[0m  [1mSELECT "movies".* FROM "movies" WHERE "movies"."rating" IN ('G', 'PG', 'PG-13', 'NC-17', 'R')[0m
Rendered movies/index.html.haml within layouts/application (98.8ms)
Completed 200 OK in 113ms (Views: 109.1ms | ActiveRecord: 1.1ms)


Started GET "/assets/application.css?body=1" for 127.0.0.1 at 2013-08-15 02:32:11 -0600
Served asset /application.css - 304 Not Modified (0ms)


Started GET "/assets/jquery.js?body=1" for 127.0.0.1 at 2013-08-15 02:32:11 -0600
Served asset /jquery.js - 304 Not Modified (0ms)


Started GET "/assets/jquery_ujs.js?body=1" for 127.0.0.1 at 2013-08-15 02:32:11 -0600
Served asset /jquery_ujs.js - 304 Not Modified (0ms)


Started GET "/assets/application.js?body=1" for 127.0.0.1 at 2013-08-15 02:32:11 -0600
Served asset /application.js - 304 Not Modified (0ms)


Started GET "/movies/20" for 127.0.0.1 at 2013-08-15 02:32:16 -0600
  Processing by MoviesController#show as HTML
  Parameters: {"id"=>"20"}
  [1m[35mMovie Load (0.4ms)[0m  SELECT "movies".* FROM "movies" WHERE "movies"."id" = ? LIMIT 1  [["id", "20"]]
Rendered movies/show.html.haml within layouts/application (12.9ms)
Completed 200 OK in 27ms (Views: 23.1ms | ActiveRecord: 0.9ms)


Started GET "/assets/application.css?body=1" for 127.0.0.1 at 2013-08-15 02:32:16 -0600
Served asset /application.css - 304 Not Modified (0ms)


Started GET "/assets/jquery.js?body=1" for 127.0.0.1 at 2013-08-15 02:32:16 -0600
Served asset /jquery.js - 304 Not Modified (0ms)


Started GET "/assets/application.js?body=1" for 127.0.0.1 at 2013-08-15 02:32:16 -0600
Served asset /application.js - 304 Not Modified (0ms)


Started GET "/assets/jquery_ujs.js?body=1" for 127.0.0.1 at 2013-08-15 02:32:16 -0600
Served asset /jquery_ujs.js - 304 Not Modified (0ms)


Started GET "/movies/20/same_director" for 127.0.0.1 at 2013-08-15 02:32:17 -0600
  Processing by MoviesController#same_director as HTML
  Parameters: {"id"=>"20"}
  [1m[36mMovie Load (0.4ms)[0m  [1mSELECT "movies".* FROM "movies" WHERE "movies"."id" = ? LIMIT 1[0m  [["id", 20]]
  [1m[35mMovie Load (0.5ms)[0m  SELECT "movies".* FROM "movies" WHERE "movies"."director" = 'Quentin Tarantino'
Rendered movies/same_director.html.haml within layouts/application (3.0ms)
Completed 200 OK in 32ms (Views: 14.5ms | ActiveRecord: 1.6ms)


Started GET "/assets/application.css?body=1" for 127.0.0.1 at 2013-08-15 02:32:17 -0600
Served asset /application.css - 304 Not Modified (0ms)


Started GET "/assets/jquery.js?body=1" for 127.0.0.1 at 2013-08-15 02:32:17 -0600
Served asset /jquery.js - 304 Not Modified (0ms)


Started GET "/assets/jquery_ujs.js?body=1" for 127.0.0.1 at 2013-08-15 02:32:17 -0600
Served asset /jquery_ujs.js - 304 Not Modified (0ms)


Started GET "/assets/application.js?body=1" for 127.0.0.1 at 2013-08-15 02:32:17 -0600
Served asset /application.js - 304 Not Modified (0ms)
